19:23:18 **** Incremental Build of configuration Release for project gameMartyr ****
/usr/bin/make all 
/usr/local/bin/cmake -S/home/noyan/dev/glist/myglistapps/gamemartyr -B/home/noyan/dev/glist/myglistapps/gamemartyr/build/Release --check-build-system CMakeFiles/Makefile.cmake 0
/usr/local/bin/cmake -E cmake_progress_start /home/noyan/dev/glist/myglistapps/gamemartyr/build/Release/CMakeFiles /home/noyan/dev/glist/myglistapps/gamemartyr/build/Release/CMakeFiles/progress.marks
/usr/bin/make -f CMakeFiles/Makefile2 all
make[1]: Entering directory '/home/noyan/dev/glist/myglistapps/gamemartyr/build/Release'
/usr/bin/make -f CMakeFiles/GlistEngine.dir/build.make CMakeFiles/GlistEngine.dir/depend
make[2]: Entering directory '/home/noyan/dev/glist/myglistapps/gamemartyr/build/Release'
cd /home/noyan/dev/glist/myglistapps/gamemartyr/build/Release && /usr/local/bin/cmake -E cmake_depends "Unix Makefiles" /home/noyan/dev/glist/myglistapps/gamemartyr /home/noyan/dev/glist/myglistapps/gamemartyr /home/noyan/dev/glist/myglistapps/gamemartyr/build/Release /home/noyan/dev/glist/myglistapps/gamemartyr/build/Release /home/noyan/dev/glist/myglistapps/gamemartyr/build/Release/CMakeFiles/GlistEngine.dir/DependInfo.cmake --color=
make[2]: Leaving directory '/home/noyan/dev/glist/myglistapps/gamemartyr/build/Release'
/usr/bin/make -f CMakeFiles/GlistEngine.dir/build.make CMakeFiles/GlistEngine.dir/build
make[2]: Entering directory '/home/noyan/dev/glist/myglistapps/gamemartyr/build/Release'
make[2]: Nothing to be done for 'CMakeFiles/GlistEngine.dir/build'.
make[2]: Leaving directory '/home/noyan/dev/glist/myglistapps/gamemartyr/build/Release'
[ 88%] Built target GlistEngine
/usr/bin/make -f CMakeFiles/gameMartyr.dir/build.make CMakeFiles/gameMartyr.dir/depend
make[2]: Entering directory '/home/noyan/dev/glist/myglistapps/gamemartyr/build/Release'
cd /home/noyan/dev/glist/myglistapps/gamemartyr/build/Release && /usr/local/bin/cmake -E cmake_depends "Unix Makefiles" /home/noyan/dev/glist/myglistapps/gamemartyr /home/noyan/dev/glist/myglistapps/gamemartyr /home/noyan/dev/glist/myglistapps/gamemartyr/build/Release /home/noyan/dev/glist/myglistapps/gamemartyr/build/Release /home/noyan/dev/glist/myglistapps/gamemartyr/build/Release/CMakeFiles/gameMartyr.dir/DependInfo.cmake --color=
make[2]: Leaving directory '/home/noyan/dev/glist/myglistapps/gamemartyr/build/Release'
/usr/bin/make -f CMakeFiles/gameMartyr.dir/build.make CMakeFiles/gameMartyr.dir/build
make[2]: Entering directory '/home/noyan/dev/glist/myglistapps/gamemartyr/build/Release'
make[2]: Nothing to be done for 'CMakeFiles/gameMartyr.dir/build'.
make[2]: Leaving directory '/home/noyan/dev/glist/myglistapps/gamemartyr/build/Release'
[100%] Built target gameMartyr
make[1]: Leaving directory '/home/noyan/dev/glist/myglistapps/gamemartyr/build/Release'
/usr/local/bin/cmake -E cmake_progress_start /home/noyan/dev/glist/myglistapps/gamemartyr/build/Release/CMakeFiles 0

19:23:18 Build Finished. 0 errors, 0 warnings. (took 632ms)

