19:12:04 **** Incremental Build of configuration Release for project gisLight ****
/usr/bin/make all 
/usr/local/bin/cmake -S/home/noyan/dev/glist/glistengine/samples/gisLight -B/home/noyan/dev/glist/glistengine/samples/gisLight/build/Release --check-build-system CMakeFiles/Makefile.cmake 0
/usr/local/bin/cmake -E cmake_progress_start /home/noyan/dev/glist/glistengine/samples/gisLight/build/Release/CMakeFiles /home/noyan/dev/glist/glistengine/samples/gisLight/build/Release/CMakeFiles/progress.marks
/usr/bin/make -f CMakeFiles/Makefile2 all
make[1]: Entering directory '/home/noyan/dev/glist/glistengine/samples/gisLight/build/Release'
/usr/bin/make -f CMakeFiles/GlistEngine.dir/build.make CMakeFiles/GlistEngine.dir/depend
make[2]: Entering directory '/home/noyan/dev/glist/glistengine/samples/gisLight/build/Release'
cd /home/noyan/dev/glist/glistengine/samples/gisLight/build/Release && /usr/local/bin/cmake -E cmake_depends "Unix Makefiles" /home/noyan/dev/glist/glistengine/samples/gisLight /home/noyan/dev/glist/glistengine/samples/gisLight /home/noyan/dev/glist/glistengine/samples/gisLight/build/Release /home/noyan/dev/glist/glistengine/samples/gisLight/build/Release /home/noyan/dev/glist/glistengine/samples/gisLight/build/Release/CMakeFiles/GlistEngine.dir/DependInfo.cmake --color=
make[2]: Leaving directory '/home/noyan/dev/glist/glistengine/samples/gisLight/build/Release'
/usr/bin/make -f CMakeFiles/GlistEngine.dir/build.make CMakeFiles/GlistEngine.dir/build
make[2]: Entering directory '/home/noyan/dev/glist/glistengine/samples/gisLight/build/Release'
make[2]: Nothing to be done for 'CMakeFiles/GlistEngine.dir/build'.
make[2]: Leaving directory '/home/noyan/dev/glist/glistengine/samples/gisLight/build/Release'
[ 89%] Built target GlistEngine
/usr/bin/make -f CMakeFiles/gisLight.dir/build.make CMakeFiles/gisLight.dir/depend
make[2]: Entering directory '/home/noyan/dev/glist/glistengine/samples/gisLight/build/Release'
cd /home/noyan/dev/glist/glistengine/samples/gisLight/build/Release && /usr/local/bin/cmake -E cmake_depends "Unix Makefiles" /home/noyan/dev/glist/glistengine/samples/gisLight /home/noyan/dev/glist/glistengine/samples/gisLight /home/noyan/dev/glist/glistengine/samples/gisLight/build/Release /home/noyan/dev/glist/glistengine/samples/gisLight/build/Release /home/noyan/dev/glist/glistengine/samples/gisLight/build/Release/CMakeFiles/gisLight.dir/DependInfo.cmake --color=
make[2]: Leaving directory '/home/noyan/dev/glist/glistengine/samples/gisLight/build/Release'
/usr/bin/make -f CMakeFiles/gisLight.dir/build.make CMakeFiles/gisLight.dir/build
make[2]: Entering directory '/home/noyan/dev/glist/glistengine/samples/gisLight/build/Release'
make[2]: Nothing to be done for 'CMakeFiles/gisLight.dir/build'.
make[2]: Leaving directory '/home/noyan/dev/glist/glistengine/samples/gisLight/build/Release'
[100%] Built target gisLight
make[1]: Leaving directory '/home/noyan/dev/glist/glistengine/samples/gisLight/build/Release'
/usr/local/bin/cmake -E cmake_progress_start /home/noyan/dev/glist/glistengine/samples/gisLight/build/Release/CMakeFiles 0

19:12:05 Build Finished. 0 errors, 0 warnings. (took 624ms)

