19:24:16 **** Incremental Build of configuration Release for project gisSkinnedMesh ****
/usr/bin/make all 
/usr/local/bin/cmake -S/home/noyan/dev/glist/glistengine/samples/gisSkinnedMesh -B/home/noyan/dev/glist/glistengine/samples/gisSkinnedMesh/build/Release --check-build-system CMakeFiles/Makefile.cmake 0
/usr/local/bin/cmake -E cmake_progress_start /home/noyan/dev/glist/glistengine/samples/gisSkinnedMesh/build/Release/CMakeFiles /home/noyan/dev/glist/glistengine/samples/gisSkinnedMesh/build/Release/CMakeFiles/progress.marks
/usr/bin/make -f CMakeFiles/Makefile2 all
make[1]: Entering directory '/home/noyan/dev/glist/glistengine/samples/gisSkinnedMesh/build/Release'
/usr/bin/make -f CMakeFiles/GlistEngine.dir/build.make CMakeFiles/GlistEngine.dir/depend
make[2]: Entering directory '/home/noyan/dev/glist/glistengine/samples/gisSkinnedMesh/build/Release'
cd /home/noyan/dev/glist/glistengine/samples/gisSkinnedMesh/build/Release && /usr/local/bin/cmake -E cmake_depends "Unix Makefiles" /home/noyan/dev/glist/glistengine/samples/gisSkinnedMesh /home/noyan/dev/glist/glistengine/samples/gisSkinnedMesh /home/noyan/dev/glist/glistengine/samples/gisSkinnedMesh/build/Release /home/noyan/dev/glist/glistengine/samples/gisSkinnedMesh/build/Release /home/noyan/dev/glist/glistengine/samples/gisSkinnedMesh/build/Release/CMakeFiles/GlistEngine.dir/DependInfo.cmake --color=
make[2]: Leaving directory '/home/noyan/dev/glist/glistengine/samples/gisSkinnedMesh/build/Release'
/usr/bin/make -f CMakeFiles/GlistEngine.dir/build.make CMakeFiles/GlistEngine.dir/build
make[2]: Entering directory '/home/noyan/dev/glist/glistengine/samples/gisSkinnedMesh/build/Release'
make[2]: Nothing to be done for 'CMakeFiles/GlistEngine.dir/build'.
make[2]: Leaving directory '/home/noyan/dev/glist/glistengine/samples/gisSkinnedMesh/build/Release'
[ 88%] Built target GlistEngine
/usr/bin/make -f CMakeFiles/gisSkinnedMesh.dir/build.make CMakeFiles/gisSkinnedMesh.dir/depend
make[2]: Entering directory '/home/noyan/dev/glist/glistengine/samples/gisSkinnedMesh/build/Release'
cd /home/noyan/dev/glist/glistengine/samples/gisSkinnedMesh/build/Release && /usr/local/bin/cmake -E cmake_depends "Unix Makefiles" /home/noyan/dev/glist/glistengine/samples/gisSkinnedMesh /home/noyan/dev/glist/glistengine/samples/gisSkinnedMesh /home/noyan/dev/glist/glistengine/samples/gisSkinnedMesh/build/Release /home/noyan/dev/glist/glistengine/samples/gisSkinnedMesh/build/Release /home/noyan/dev/glist/glistengine/samples/gisSkinnedMesh/build/Release/CMakeFiles/gisSkinnedMesh.dir/DependInfo.cmake --color=
make[2]: Leaving directory '/home/noyan/dev/glist/glistengine/samples/gisSkinnedMesh/build/Release'
/usr/bin/make -f CMakeFiles/gisSkinnedMesh.dir/build.make CMakeFiles/gisSkinnedMesh.dir/build
make[2]: Entering directory '/home/noyan/dev/glist/glistengine/samples/gisSkinnedMesh/build/Release'
make[2]: Nothing to be done for 'CMakeFiles/gisSkinnedMesh.dir/build'.
make[2]: Leaving directory '/home/noyan/dev/glist/glistengine/samples/gisSkinnedMesh/build/Release'
[100%] Built target gisSkinnedMesh
make[1]: Leaving directory '/home/noyan/dev/glist/glistengine/samples/gisSkinnedMesh/build/Release'
/usr/local/bin/cmake -E cmake_progress_start /home/noyan/dev/glist/glistengine/samples/gisSkinnedMesh/build/Release/CMakeFiles 0

19:24:17 Build Finished. 0 errors, 0 warnings. (took 625ms)

