17:44:09 **** Incremental Build of configuration Release for project GlistApp ****
/usr/bin/gmake all 
/usr/local/bin/cmake -S/home/noyan/dev/glist/myglistapps/GlistApp -B/home/noyan/dev/glist/myglistapps/GlistApp/build/Release --check-build-system CMakeFiles/Makefile.cmake 0
/usr/local/bin/cmake -E cmake_progress_start /home/noyan/dev/glist/myglistapps/GlistApp/build/Release/CMakeFiles /home/noyan/dev/glist/myglistapps/GlistApp/build/Release/CMakeFiles/progress.marks
/usr/bin/gmake -f CMakeFiles/Makefile2 all
gmake[1]: Entering directory '/home/noyan/dev/glist/myglistapps/GlistApp/build/Release'
/usr/bin/gmake -f CMakeFiles/GlistEngine.dir/build.make CMakeFiles/GlistEngine.dir/depend
gmake[2]: Entering directory '/home/noyan/dev/glist/myglistapps/GlistApp/build/Release'
cd /home/noyan/dev/glist/myglistapps/GlistApp/build/Release && /usr/local/bin/cmake -E cmake_depends "Unix Makefiles" /home/noyan/dev/glist/myglistapps/GlistApp /home/noyan/dev/glist/myglistapps/GlistApp /home/noyan/dev/glist/myglistapps/GlistApp/build/Release /home/noyan/dev/glist/myglistapps/GlistApp/build/Release /home/noyan/dev/glist/myglistapps/GlistApp/build/Release/CMakeFiles/GlistEngine.dir/DependInfo.cmake --color=
gmake[2]: Leaving directory '/home/noyan/dev/glist/myglistapps/GlistApp/build/Release'
/usr/bin/gmake -f CMakeFiles/GlistEngine.dir/build.make CMakeFiles/GlistEngine.dir/build
gmake[2]: Entering directory '/home/noyan/dev/glist/myglistapps/GlistApp/build/Release'
gmake[2]: Nothing to be done for 'CMakeFiles/GlistEngine.dir/build'.
gmake[2]: Leaving directory '/home/noyan/dev/glist/myglistapps/GlistApp/build/Release'
[ 97%] Built target GlistEngine
/usr/bin/gmake -f CMakeFiles/GlistApp.dir/build.make CMakeFiles/GlistApp.dir/depend
gmake[2]: Entering directory '/home/noyan/dev/glist/myglistapps/GlistApp/build/Release'
cd /home/noyan/dev/glist/myglistapps/GlistApp/build/Release && /usr/local/bin/cmake -E cmake_depends "Unix Makefiles" /home/noyan/dev/glist/myglistapps/GlistApp /home/noyan/dev/glist/myglistapps/GlistApp /home/noyan/dev/glist/myglistapps/GlistApp/build/Release /home/noyan/dev/glist/myglistapps/GlistApp/build/Release /home/noyan/dev/glist/myglistapps/GlistApp/build/Release/CMakeFiles/GlistApp.dir/DependInfo.cmake --color=
gmake[2]: Leaving directory '/home/noyan/dev/glist/myglistapps/GlistApp/build/Release'
/usr/bin/gmake -f CMakeFiles/GlistApp.dir/build.make CMakeFiles/GlistApp.dir/build
gmake[2]: Entering directory '/home/noyan/dev/glist/myglistapps/GlistApp/build/Release'
gmake[2]: Nothing to be done for 'CMakeFiles/GlistApp.dir/build'.
gmake[2]: Leaving directory '/home/noyan/dev/glist/myglistapps/GlistApp/build/Release'
[100%] Built target GlistApp
gmake[1]: Leaving directory '/home/noyan/dev/glist/myglistapps/GlistApp/build/Release'
/usr/local/bin/cmake -E cmake_progress_start /home/noyan/dev/glist/myglistapps/GlistApp/build/Release/CMakeFiles 0

17:44:11 Build Finished. 0 errors, 0 warnings. (took 1s.375ms)

