
**** Build of configuration Release for project GlistEngine ****

Nothing to build for project GlistEngine

**** Build of configuration Release for project GlistEngine ****

Nothing to build for project GlistEngine
16:10:14 Buildscript generation: GlistApp::Release in /home/noyan/dev/glist/myglistapps/GlistApp/_build/Release
cmake -G Ninja -DCMAKE_EXPORT_COMPILE_COMMANDS:BOOL=ON /home/noyan/dev/glist/myglistapps/GlistApp 
-- The C compiler identification is GNU 7.5.0
-- The CXX compiler identification is Clang 14.0.0
-- Check for working C compiler: /usr/bin/cc
-- Check for working C compiler: /usr/bin/cc -- works
-- Detecting C compiler ABI info
-- Detecting C compiler ABI info - done
-- Detecting C compile features
-- Detecting C compile features - done
-- Check for working CXX compiler: /usr/bin/c++
-- Check for working CXX compiler: /usr/bin/c++ -- works
-- Detecting CXX compiler ABI info
-- Detecting CXX compiler ABI info - done
-- Detecting CXX compile features
-- Detecting CXX compile features - done
-- Architecture: x86_64
-- Configuring done
-- Generating done
-- Build files have been written to: /home/noyan/dev/glist/myglistapps/GlistApp/_build/Release
16:10:16 Buildscript generation finished (took 2372 ms)
16:10:16 **** Build of configuration Release for project GlistApp ****
/usr/bin/ninja -j 1 all 
[1/119] Building CXX object CMakeFiles/GlistApp.dir/src/main.cpp.o
[2/119] Building CXX object CMakeFiles/GlistApp.dir/src/gApp.cpp.o
[3/119] Building CXX object CMakeFiles/GlistApp.dir/src/GameCanvas.cpp.o
[4/119] Building C object CMakeFiles/GlistEngine.dir/home/noyan/dev/glist/zbin/glistzbin-linux/mingw64/lib/sqlite3.c.o
[5/119] Building CXX object CMakeFiles/GlistEngine.dir/home/noyan/dev/glist/GlistEngine/engine/graphics/particles/gFireParticles.cpp.o
[6/119] Building CXX object CMakeFiles/GlistEngine.dir/home/noyan/dev/glist/GlistEngine/engine/base/gBaseParticles.cpp.o
[7/119] Building CXX object CMakeFiles/GlistEngine.dir/home/noyan/dev/glist/GlistEngine/engine/types/gColor.cpp.o
[8/119] Building CXX object CMakeFiles/GlistEngine.dir/home/noyan/dev/glist/GlistEngine/engine/utils/gThread.cpp.o
[9/119] Building CXX object CMakeFiles/GlistEngine.dir/home/noyan/dev/glist/GlistEngine/engine/utils/gUtils.cpp.o
[10/119] Building CXX object CMakeFiles/GlistEngine.dir/home/noyan/dev/glist/GlistEngine/engine/utils/gFile.cpp.o
[11/119] Building CXX object CMakeFiles/GlistEngine.dir/home/noyan/dev/glist/GlistEngine/engine/utils/gHttpFile.cpp.o
[12/119] Building CXX object CMakeFiles/GlistEngine.dir/home/noyan/dev/glist/GlistEngine/engine/graphics/gShader.cpp.o
[13/119] Building CXX object CMakeFiles/GlistEngine.dir/home/noyan/dev/glist/GlistEngine/engine/graphics/gFog.cpp.o
[14/119] Building CXX object CMakeFiles/GlistEngine.dir/home/noyan/dev/glist/GlistEngine/engine/core/gObject.cpp.o
[15/119] Building CXX object CMakeFiles/GlistEngine.dir/home/noyan/dev/glist/GlistEngine/engine/core/gRenderer.cpp.o
[16/119] Building CXX object CMakeFiles/GlistEngine.dir/home/noyan/dev/glist/GlistEngine/engine/core/gRenderObject.cpp.o
[17/119] Building CXX object CMakeFiles/GlistEngine.dir/home/noyan/dev/glist/GlistEngine/engine/core/gGUIActionManager.cpp.o
[18/119] Building CXX object CMakeFiles/GlistEngine.dir/home/noyan/dev/glist/GlistEngine/engine/graphics/gTexture.cpp.o
[19/119] Building CXX object CMakeFiles/GlistEngine.dir/home/noyan/dev/glist/GlistEngine/engine/graphics/gImage.cpp.o
[20/119] Building CXX object CMakeFiles/GlistEngine.dir/home/noyan/dev/glist/GlistEngine/engine/graphics/gSkybox.cpp.o
[21/119] Building CXX object CMakeFiles/GlistEngine.dir/home/noyan/dev/glist/GlistEngine/engine/graphics/gNode.cpp.o
[22/119] Building CXX object CMakeFiles/GlistEngine.dir/home/noyan/dev/glist/GlistEngine/engine/graphics/gLight.cpp.o
[23/119] Building CXX object CMakeFiles/GlistEngine.dir/home/noyan/dev/glist/GlistEngine/engine/graphics/gShadowMap.cpp.o
[24/119] Building CXX object CMakeFiles/GlistEngine.dir/home/noyan/dev/glist/GlistEngine/engine/graphics/gCamera.cpp.o
[25/119] Building CXX object CMakeFiles/GlistEngine.dir/home/noyan/dev/glist/GlistEngine/engine/graphics/gFont.cpp.o
[26/119] Building CXX object CMakeFiles/GlistEngine.dir/home/noyan/dev/glist/GlistEngine/engine/graphics/gMaterial.cpp.o
[27/119] Building CXX object CMakeFiles/GlistEngine.dir/home/noyan/dev/glist/GlistEngine/engine/graphics/gMesh.cpp.o
[28/119] Building CXX object CMakeFiles/GlistEngine.dir/home/noyan/dev/glist/GlistEngine/engine/graphics/gSkinnedMesh.cpp.o
[29/119] Building CXX object CMakeFiles/GlistEngine.dir/home/noyan/dev/glist/GlistEngine/engine/graphics/gModel.cpp.o
/home/noyan/dev/glist/GlistEngine/engine/graphics/gModel.cpp:637:108: warning: expression result unused [-Wunused-value]
    for (int i=0; i<scene->mNumMeshes; i++) if (scene->mMeshes[i]->mNumVertices > vnum) scene->mMeshes[i]->mNumVertices;
                                                                                        ~~~~~~~~~~~~~~~~~  ^~~~~~~~~~~~
1 warning generated.
[30/119] Building CXX object CMakeFiles/GlistEngine.dir/home/noyan/dev/glist/GlistEngine/engine/utils/gLocalization.cpp.o
[31/119] Building CXX object CMakeFiles/GlistEngine.dir/home/noyan/dev/glist/GlistEngine/engine/utils/gDatabase.cpp.o
[32/119] Building CXX object CMakeFiles/GlistEngine.dir/home/noyan/dev/glist/GlistEngine/engine/utils/gAssetLoader.cpp.o
[33/119] Building CXX object CMakeFiles/GlistEngine.dir/home/noyan/dev/glist/GlistEngine/engine/utils/gAES.cpp.o
/home/noyan/dev/glist/GlistEngine/engine/utils/gAES.cpp:84:2: warning: 'MD5' is deprecated [-Wdeprecated-declarations]
        MD5((unsigned char*)plainText.c_str(), (int)plainText.length(), digest);
        ^
/usr/include/openssl/md5.h:52:1: note: 'MD5' has been explicitly marked deprecated here
OSSL_DEPRECATEDIN_3_0 unsigned char *MD5(const unsigned char *d, size_t n,
^
/usr/include/openssl/macros.h:182:49: note: expanded from macro 'OSSL_DEPRECATEDIN_3_0'
#   define OSSL_DEPRECATEDIN_3_0                OSSL_DEPRECATED(3.0)
                                                ^
/usr/include/openssl/macros.h:62:52: note: expanded from macro 'OSSL_DEPRECATED'
#     define OSSL_DEPRECATED(since) __attribute__((deprecated))
                                                   ^
1 warning generated.
[34/119] Building CXX object CMakeFiles/GlistEngine.dir/home/noyan/dev/glist/GlistEngine/engine/graphics/primitives/gCross.cpp.o
[35/119] Building CXX object CMakeFiles/GlistEngine.dir/home/noyan/dev/glist/GlistEngine/engine/graphics/primitives/gArc.cpp.o
[36/119] Building CXX object CMakeFiles/GlistEngine.dir/home/noyan/dev/glist/GlistEngine/engine/graphics/primitives/gLine.cpp.o
[37/119] Building CXX object CMakeFiles/GlistEngine.dir/home/noyan/dev/glist/GlistEngine/engine/graphics/primitives/gCircle.cpp.o
[38/119] Building CXX object CMakeFiles/GlistEngine.dir/home/noyan/dev/glist/GlistEngine/engine/graphics/primitives/gRectangle.cpp.o
[39/119] Building CXX object CMakeFiles/GlistEngine.dir/home/noyan/dev/glist/GlistEngine/engine/graphics/primitives/gRoundedRectangle.cpp.o
[40/119] Building CXX object CMakeFiles/GlistEngine.dir/home/noyan/dev/glist/GlistEngine/engine/graphics/primitives/gPlane.cpp.o
[41/119] Building CXX object CMakeFiles/GlistEngine.dir/home/noyan/dev/glist/GlistEngine/engine/graphics/primitives/gBox.cpp.o
[42/119] Building CXX object CMakeFiles/GlistEngine.dir/home/noyan/dev/glist/GlistEngine/engine/graphics/primitives/gSphere.cpp.o
[43/119] Building CXX object CMakeFiles/GlistEngine.dir/home/noyan/dev/glist/GlistEngine/engine/graphics/primitives/gTriangle.cpp.o
[44/119] Building CXX object CMakeFiles/GlistEngine.dir/home/noyan/dev/glist/GlistEngine/engine/graphics/primitives/gCylinder.cpp.o
[45/119] Building CXX object CMakeFiles/GlistEngine.dir/home/noyan/dev/glist/GlistEngine/engine/graphics/primitives/gCone.cpp.o
[46/119] Building CXX object CMakeFiles/GlistEngine.dir/home/noyan/dev/glist/GlistEngine/engine/graphics/gVbo.cpp.o
[47/119] Building CXX object CMakeFiles/GlistEngine.dir/home/noyan/dev/glist/GlistEngine/engine/graphics/gFbo.cpp.o
[48/119] Building CXX object CMakeFiles/GlistEngine.dir/home/noyan/dev/glist/GlistEngine/engine/graphics/gRay.cpp.o
[49/119] Building CXX object CMakeFiles/GlistEngine.dir/home/noyan/dev/glist/GlistEngine/engine/graphics/gBoundingBox.cpp.o
[50/119] Building CXX object CMakeFiles/GlistEngine.dir/home/noyan/dev/glist/GlistEngine/engine/graphics/gRect.cpp.o
[51/119] Building CXX object CMakeFiles/GlistEngine.dir/home/noyan/dev/glist/GlistEngine/engine/animation/gSpriteAnimation.cpp.o
In file included from /home/noyan/dev/glist/GlistEngine/engine/animation/gSpriteAnimation.cpp:8:
../../../../GlistEngine/engine/animation/gSpriteAnimation.h:40:10: warning: enumeration value 'MAX_TRIGGER_CONDITIONS' not handled in switch [-Wswitch]
                switch(cond)
                       ^~~~
1 warning generated.
[52/119] Building CXX object CMakeFiles/GlistEngine.dir/home/noyan/dev/glist/GlistEngine/engine/animation/gSpriteAnimator.cpp.o
In file included from /home/noyan/dev/glist/GlistEngine/engine/animation/gSpriteAnimator.cpp:8:
In file included from ../../../../GlistEngine/engine/animation/gSpriteAnimator.h:11:
../../../../GlistEngine/engine/animation/gSpriteAnimation.h:40:10: warning: enumeration value 'MAX_TRIGGER_CONDITIONS' not handled in switch [-Wswitch]
                switch(cond)
                       ^~~~
1 warning generated.
[53/119] Building CXX object CMakeFiles/GlistEngine.dir/home/noyan/dev/glist/GlistEngine/engine/ui/gGUIGrid.cpp.o
[54/119] Building CXX object CMakeFiles/GlistEngine.dir/home/noyan/dev/glist/GlistEngine/engine/ui/gGUIColorPicker.cpp.o
[55/119] Building CXX object CMakeFiles/GlistEngine.dir/home/noyan/dev/glist/GlistEngine/engine/ui/gGUINotebook.cpp.o
[56/119] Building CXX object CMakeFiles/GlistEngine.dir/home/noyan/dev/glist/GlistEngine/engine/ui/gGUICandleStickChart.cpp.o
[57/119] Building CXX object CMakeFiles/GlistEngine.dir/home/noyan/dev/glist/GlistEngine/engine/ui/gGUIStatusBar.cpp.o
[58/119] Building CXX object CMakeFiles/GlistEngine.dir/home/noyan/dev/glist/GlistEngine/engine/ui/gGUILineGraph.cpp.o
[59/119] Building CXX object CMakeFiles/GlistEngine.dir/home/noyan/dev/glist/GlistEngine/engine/ui/gGUIContextMenu.cpp.o
[60/119] Building CXX object CMakeFiles/GlistEngine.dir/home/noyan/dev/glist/GlistEngine/engine/ui/gGUIRadarChart.cpp.o
[61/119] Building CXX object CMakeFiles/GlistEngine.dir/home/noyan/dev/glist/GlistEngine/engine/ui/gGUIDialogue.cpp.o
[62/119] Building CXX object CMakeFiles/GlistEngine.dir/home/noyan/dev/glist/GlistEngine/engine/ui/gGUITimebox.cpp.o
[63/119] Building CXX object CMakeFiles/GlistEngine.dir/home/noyan/dev/glist/GlistEngine/engine/ui/gGUIPieGraph.cpp.o
[64/119] Building CXX object CMakeFiles/GlistEngine.dir/home/noyan/dev/glist/GlistEngine/engine/ui/gGUIGraph.cpp.o
/home/noyan/dev/glist/GlistEngine/engine/ui/gGUIGraph.cpp:19:9: warning: implicit conversion from 'int' to 'float' changes value from -2147483647 to -2147483648 [-Wimplicit-const-int-float-conversion]
        maxx = -2147483647;
             ~ ^~~~~~~~~~~
/home/noyan/dev/glist/GlistEngine/engine/ui/gGUIGraph.cpp:20:9: warning: implicit conversion from 'int' to 'float' changes value from -2147483647 to -2147483648 [-Wimplicit-const-int-float-conversion]
        maxy = -2147483647;
             ~ ^~~~~~~~~~~
2 warnings generated.
[65/119] Building CXX object CMakeFiles/GlistEngine.dir/home/noyan/dev/glist/GlistEngine/engine/ui/gGUINumberBox.cpp.o
[66/119] Building CXX object CMakeFiles/GlistEngine.dir/home/noyan/dev/glist/GlistEngine/engine/ui/gGUISwitchButton.cpp.o
[67/119] Building CXX object CMakeFiles/GlistEngine.dir/home/noyan/dev/glist/GlistEngine/engine/ui/gGUIListbox.cpp.o
[68/119] Building CXX object CMakeFiles/GlistEngine.dir/home/noyan/dev/glist/GlistEngine/engine/ui/gGUITreelist.cpp.o
[69/119] Building CXX object CMakeFiles/GlistEngine.dir/home/noyan/dev/glist/GlistEngine/engine/ui/gGUIDropdownList.cpp.o
[70/119] Building CXX object CMakeFiles/GlistEngine.dir/home/noyan/dev/glist/GlistEngine/engine/ui/gGUICheckbox.cpp.o
[71/119] Building CXX object CMakeFiles/GlistEngine.dir/home/noyan/dev/glist/GlistEngine/engine/ui/gGUIColumnChart.cpp.o
[72/119] Building CXX object CMakeFiles/GlistEngine.dir/home/noyan/dev/glist/GlistEngine/engine/ui/gGUITextbox.cpp.o
[73/119] Building CXX object CMakeFiles/GlistEngine.dir/home/noyan/dev/glist/GlistEngine/engine/ui/gGUIText.cpp.o
[74/119] Building CXX object CMakeFiles/GlistEngine.dir/home/noyan/dev/glist/GlistEngine/engine/ui/gGUIDivider.cpp.o
[75/119] Building CXX object CMakeFiles/GlistEngine.dir/home/noyan/dev/glist/GlistEngine/engine/ui/gGUIToolbarButton.cpp.o
[76/119] Building CXX object CMakeFiles/GlistEngine.dir/home/noyan/dev/glist/GlistEngine/engine/ui/gGUIProgressBar.cpp.o
[77/119] Building CXX object CMakeFiles/GlistEngine.dir/home/noyan/dev/glist/GlistEngine/engine/ui/gGUIRadioButton.cpp.o
[78/119] Building CXX object CMakeFiles/GlistEngine.dir/home/noyan/dev/glist/GlistEngine/engine/ui/gGUIBitmap.cpp.o
[79/119] Building CXX object CMakeFiles/GlistEngine.dir/home/noyan/dev/glist/GlistEngine/engine/ui/gGUISlider.cpp.o
[80/119] Building CXX object CMakeFiles/GlistEngine.dir/home/noyan/dev/glist/GlistEngine/engine/ui/gGUIImageButton.cpp.o
[81/119] Building CXX object CMakeFiles/GlistEngine.dir/home/noyan/dev/glist/GlistEngine/engine/ui/gGUIColorbox.cpp.o
[82/119] Building CXX object CMakeFiles/GlistEngine.dir/home/noyan/dev/glist/GlistEngine/engine/ui/gGUIButton.cpp.o
[83/119] Building CXX object CMakeFiles/GlistEngine.dir/home/noyan/dev/glist/GlistEngine/engine/ui/gGUISizer.cpp.o
[84/119] Building CXX object CMakeFiles/GlistEngine.dir/home/noyan/dev/glist/GlistEngine/engine/ui/gGUINavigation.cpp.o
[85/119] Building CXX object CMakeFiles/GlistEngine.dir/home/noyan/dev/glist/GlistEngine/engine/ui/gGUIToolbar.cpp.o
[86/119] Building CXX object CMakeFiles/GlistEngine.dir/home/noyan/dev/glist/GlistEngine/engine/ui/gGUIMenubar.cpp.o
[87/119] Building CXX object CMakeFiles/GlistEngine.dir/home/noyan/dev/glist/GlistEngine/engine/ui/gGUIPane.cpp.o
[88/119] Building CXX object CMakeFiles/GlistEngine.dir/home/noyan/dev/glist/GlistEngine/engine/ui/gGUIPanel.cpp.o
[89/119] Building CXX object CMakeFiles/GlistEngine.dir/home/noyan/dev/glist/GlistEngine/engine/ui/gGUIScrollable.cpp.o
[90/119] Building CXX object CMakeFiles/GlistEngine.dir/home/noyan/dev/glist/GlistEngine/engine/ui/gGUIFrame.cpp.o
[91/119] Building CXX object CMakeFiles/GlistEngine.dir/home/noyan/dev/glist/GlistEngine/engine/ui/gGUIControl.cpp.o
[92/119] Building CXX object CMakeFiles/GlistEngine.dir/home/noyan/dev/glist/GlistEngine/engine/ui/gGUIContainer.cpp.o
[93/119] Building CXX object CMakeFiles/GlistEngine.dir/home/noyan/dev/glist/GlistEngine/engine/ui/gGUIForm.cpp.o
[94/119] Building CXX object CMakeFiles/GlistEngine.dir/home/noyan/dev/glist/GlistEngine/engine/ui/gGUIResources.cpp.o
[95/119] Building C object CMakeFiles/GlistEngine.dir/home/noyan/dev/glist/GlistEngine/engine/ui/base/tinyfiledialogs.c.o
[96/119] Building CXX object CMakeFiles/GlistEngine.dir/home/noyan/dev/glist/GlistEngine/engine/base/gBaseGUIObject.cpp.o
[97/119] Building CXX object CMakeFiles/GlistEngine.dir/home/noyan/dev/glist/GlistEngine/engine/core/gGUIManager.cpp.o
[98/119] Building CXX object CMakeFiles/GlistEngine.dir/home/noyan/dev/glist/GlistEngine/engine/core/gAppObject.cpp.o
[99/119] Building CXX object CMakeFiles/GlistEngine.dir/home/noyan/dev/glist/GlistEngine/engine/base/gBaseComponent.cpp.o
[100/119] Building CXX object CMakeFiles/GlistEngine.dir/home/noyan/dev/glist/GlistEngine/engine/base/gBasePlugin.cpp.o
[101/119] Building CXX object CMakeFiles/GlistEngine.dir/home/noyan/dev/glist/GlistEngine/engine/media/gBaseSound.cpp.o
[102/119] Building CXX object CMakeFiles/GlistEngine.dir/home/noyan/dev/glist/GlistEngine/engine/media/gFmodSound.cpp.o
[103/119] Building CXX object CMakeFiles/GlistEngine.dir/home/noyan/dev/glist/GlistEngine/engine/base/gBaseApp.cpp.o
[104/119] Building CXX object CMakeFiles/GlistEngine.dir/home/noyan/dev/glist/GlistEngine/engine/base/gBaseCanvas.cpp.o
[105/119] Building CXX object CMakeFiles/GlistEngine.dir/home/noyan/dev/glist/GlistEngine/engine/core/gBaseWindow.cpp.o
[106/119] Building CXX object CMakeFiles/GlistEngine.dir/home/noyan/dev/glist/GlistEngine/engine/core/gCanvasManager.cpp.o
[107/119] Building CXX object CMakeFiles/GlistEngine.dir/home/noyan/dev/glist/GlistEngine/engine/core/gAppManager.cpp.o
In file included from /home/noyan/dev/glist/GlistEngine/engine/core/gAppManager.cpp:10:
../../../../GlistEngine/engine/core/gGLFWWindow.h:46:7: warning: 'getShouldClose' overrides a member function but is not marked 'override' [-Winconsistent-missing-override]
        bool getShouldClose();
             ^
../../../../GlistEngine/engine/core/gBaseWindow.h:49:15: note: overridden virtual function is here
        virtual bool getShouldClose();
                     ^
In file included from /home/noyan/dev/glist/GlistEngine/engine/core/gAppManager.cpp:10:
../../../../GlistEngine/engine/core/gGLFWWindow.h:51:7: warning: 'update' overrides a member function but is not marked 'override' [-Winconsistent-missing-override]
        void update();
             ^
../../../../GlistEngine/engine/core/gBaseWindow.h:54:15: note: overridden virtual function is here
        virtual void update();
                     ^
In file included from /home/noyan/dev/glist/GlistEngine/engine/core/gAppManager.cpp:10:
../../../../GlistEngine/engine/core/gGLFWWindow.h:56:7: warning: 'close' overrides a member function but is not marked 'override' [-Winconsistent-missing-override]
        void close();
             ^
../../../../GlistEngine/engine/core/gBaseWindow.h:59:15: note: overridden virtual function is here
        virtual void close();
                     ^
In file included from /home/noyan/dev/glist/GlistEngine/engine/core/gAppManager.cpp:10:
../../../../GlistEngine/engine/core/gGLFWWindow.h:58:7: warning: 'enableVsync' overrides a member function but is not marked 'override' [-Winconsistent-missing-override]
        void enableVsync(bool vsync);
             ^
../../../../GlistEngine/engine/core/gBaseWindow.h:62:15: note: overridden virtual function is here
        virtual void enableVsync(bool vsync);
                     ^
In file included from /home/noyan/dev/glist/GlistEngine/engine/core/gAppManager.cpp:10:
../../../../GlistEngine/engine/core/gGLFWWindow.h:60:7: warning: 'setCursor' overrides a member function but is not marked 'override' [-Winconsistent-missing-override]
        void setCursor(int cursorNo);
             ^
../../../../GlistEngine/engine/core/gBaseWindow.h:64:15: note: overridden virtual function is here
        virtual void setCursor(int cursorNo);
                     ^
In file included from /home/noyan/dev/glist/GlistEngine/engine/core/gAppManager.cpp:10:
../../../../GlistEngine/engine/core/gGLFWWindow.h:61:7: warning: 'setCursorMode' overrides a member function but is not marked 'override' [-Winconsistent-missing-override]
        void setCursorMode(int cursorMode);
             ^
../../../../GlistEngine/engine/core/gBaseWindow.h:65:15: note: overridden virtual function is here
        virtual void setCursorMode(int cursorMode);
                     ^
In file included from /home/noyan/dev/glist/GlistEngine/engine/core/gAppManager.cpp:10:
../../../../GlistEngine/engine/core/gGLFWWindow.h:63:7: warning: 'setClipboardString' overrides a member function but is not marked 'override' [-Winconsistent-missing-override]
        void setClipboardString(std::string text);
             ^
../../../../GlistEngine/engine/core/gBaseWindow.h:67:15: note: overridden virtual function is here
        virtual void setClipboardString(std::string text);
                     ^
In file included from /home/noyan/dev/glist/GlistEngine/engine/core/gAppManager.cpp:10:
../../../../GlistEngine/engine/core/gGLFWWindow.h:64:14: warning: 'getClipboardString' overrides a member function but is not marked 'override' [-Winconsistent-missing-override]
        std::string getClipboardString();
                    ^
../../../../GlistEngine/engine/core/gBaseWindow.h:68:22: note: overridden virtual function is here
        virtual std::string getClipboardString();
                            ^
8 warnings generated.
[108/119] Building CXX object CMakeFiles/GlistEngine.dir/home/noyan/dev/glist/GlistEngine/engine/core/gPostProcessManager.cpp.o
[109/119] Building CXX object CMakeFiles/GlistEngine.dir/home/noyan/dev/glist/GlistEngine/engine/base/gBasePostProcess.cpp.o
[110/119] Building CXX object CMakeFiles/GlistEngine.dir/home/noyan/dev/glist/GlistEngine/engine/graphics/posteffects/gInversion.cpp.o
[111/119] Building CXX object CMakeFiles/GlistEngine.dir/home/noyan/dev/glist/GlistEngine/engine/graphics/posteffects/gGrayscale.cpp.o
[112/119] Building CXX object CMakeFiles/GlistEngine.dir/home/noyan/dev/glist/GlistEngine/engine/graphics/posteffects/gKernelEffect.cpp.o
[113/119] Building CXX object CMakeFiles/GlistEngine.dir/home/noyan/dev/glist/GlistEngine/engine/graphics/posteffects/kerneleffects/gBlur.cpp.o
[114/119] Building CXX object CMakeFiles/GlistEngine.dir/home/noyan/dev/glist/GlistEngine/engine/graphics/posteffects/kerneleffects/gSharpen.cpp.o
[115/119] Building CXX object CMakeFiles/GlistEngine.dir/home/noyan/dev/glist/GlistEngine/engine/graphics/posteffects/kerneleffects/gEdgeDetection.cpp.o
[116/119] Building CXX object CMakeFiles/GlistEngine.dir/home/noyan/dev/glist/GlistEngine/engine/core/backward.cpp.o
[117/119] Building CXX object CMakeFiles/GlistEngine.dir/home/noyan/dev/glist/GlistEngine/engine/core/gGLFWWindow.cpp.o
In file included from /home/noyan/dev/glist/GlistEngine/engine/core/gGLFWWindow.cpp:8:
../../../../GlistEngine/engine/core/gGLFWWindow.h:46:7: warning: 'getShouldClose' overrides a member function but is not marked 'override' [-Winconsistent-missing-override]
        bool getShouldClose();
             ^
../../../../GlistEngine/engine/core/gBaseWindow.h:49:15: note: overridden virtual function is here
        virtual bool getShouldClose();
                     ^
In file included from /home/noyan/dev/glist/GlistEngine/engine/core/gGLFWWindow.cpp:8:
../../../../GlistEngine/engine/core/gGLFWWindow.h:51:7: warning: 'update' overrides a member function but is not marked 'override' [-Winconsistent-missing-override]
        void update();
             ^
../../../../GlistEngine/engine/core/gBaseWindow.h:54:15: note: overridden virtual function is here
        virtual void update();
                     ^
In file included from /home/noyan/dev/glist/GlistEngine/engine/core/gGLFWWindow.cpp:8:
../../../../GlistEngine/engine/core/gGLFWWindow.h:56:7: warning: 'close' overrides a member function but is not marked 'override' [-Winconsistent-missing-override]
        void close();
             ^
../../../../GlistEngine/engine/core/gBaseWindow.h:59:15: note: overridden virtual function is here
        virtual void close();
                     ^
In file included from /home/noyan/dev/glist/GlistEngine/engine/core/gGLFWWindow.cpp:8:
../../../../GlistEngine/engine/core/gGLFWWindow.h:58:7: warning: 'enableVsync' overrides a member function but is not marked 'override' [-Winconsistent-missing-override]
        void enableVsync(bool vsync);
             ^
../../../../GlistEngine/engine/core/gBaseWindow.h:62:15: note: overridden virtual function is here
        virtual void enableVsync(bool vsync);
                     ^
In file included from /home/noyan/dev/glist/GlistEngine/engine/core/gGLFWWindow.cpp:8:
../../../../GlistEngine/engine/core/gGLFWWindow.h:60:7: warning: 'setCursor' overrides a member function but is not marked 'override' [-Winconsistent-missing-override]
        void setCursor(int cursorNo);
             ^
../../../../GlistEngine/engine/core/gBaseWindow.h:64:15: note: overridden virtual function is here
        virtual void setCursor(int cursorNo);
                     ^
In file included from /home/noyan/dev/glist/GlistEngine/engine/core/gGLFWWindow.cpp:8:
../../../../GlistEngine/engine/core/gGLFWWindow.h:61:7: warning: 'setCursorMode' overrides a member function but is not marked 'override' [-Winconsistent-missing-override]
        void setCursorMode(int cursorMode);
             ^
../../../../GlistEngine/engine/core/gBaseWindow.h:65:15: note: overridden virtual function is here
        virtual void setCursorMode(int cursorMode);
                     ^
In file included from /home/noyan/dev/glist/GlistEngine/engine/core/gGLFWWindow.cpp:8:
../../../../GlistEngine/engine/core/gGLFWWindow.h:63:7: warning: 'setClipboardString' overrides a member function but is not marked 'override' [-Winconsistent-missing-override]
        void setClipboardString(std::string text);
             ^
../../../../GlistEngine/engine/core/gBaseWindow.h:67:15: note: overridden virtual function is here
        virtual void setClipboardString(std::string text);
                     ^
In file included from /home/noyan/dev/glist/GlistEngine/engine/core/gGLFWWindow.cpp:8:
../../../../GlistEngine/engine/core/gGLFWWindow.h:64:14: warning: 'getClipboardString' overrides a member function but is not marked 'override' [-Winconsistent-missing-override]
        std::string getClipboardString();
                    ^
../../../../GlistEngine/engine/core/gBaseWindow.h:68:22: note: overridden virtual function is here
        virtual std::string getClipboardString();
                            ^
8 warnings generated.
[118/119] Linking CXX shared library libGlistEngine.so
Ubuntu clang version 14.0.0-1ubuntu1
Target: x86_64-pc-linux-gnu
Thread model: posix
InstalledDir: /usr/bin
Found candidate GCC installation: /usr/bin/../lib/gcc/x86_64-linux-gnu/11
Found candidate GCC installation: /usr/bin/../lib/gcc/x86_64-linux-gnu/12
Found candidate GCC installation: /usr/bin/../lib/gcc/x86_64-linux-gnu/4.8
Found candidate GCC installation: /usr/bin/../lib/gcc/x86_64-linux-gnu/4.8.5
Found candidate GCC installation: /usr/bin/../lib/gcc/x86_64-linux-gnu/5
Found candidate GCC installation: /usr/bin/../lib/gcc/x86_64-linux-gnu/5.5.0
Found candidate GCC installation: /usr/bin/../lib/gcc/x86_64-linux-gnu/6
Found candidate GCC installation: /usr/bin/../lib/gcc/x86_64-linux-gnu/6.5.0
Found candidate GCC installation: /usr/bin/../lib/gcc/x86_64-linux-gnu/7
Found candidate GCC installation: /usr/bin/../lib/gcc/x86_64-linux-gnu/7.5.0
Found candidate GCC installation: /usr/bin/../lib/gcc/x86_64-linux-gnu/8
Found candidate GCC installation: /usr/bin/../lib/gcc/x86_64-linux-gnu/9
Selected GCC installation: /usr/bin/../lib/gcc/x86_64-linux-gnu/12
Candidate multilib: .;@m64
Selected multilib: .;@m64
Found CUDA installation: /usr/local/cuda, version 10.2
 "/usr/bin/ld" -z relro --hash-style=gnu --build-id --eh-frame-hdr -m elf_x86_64 -shared -o libGlistEngine.so /lib/x86_64-linux-gnu/crti.o /usr/bin/../lib/gcc/x86_64-linux-gnu/12/crtbeginS.o -L/usr/lib/gcc/x86_64-linux-gnu/7 -L/usr/bin/../lib/gcc/x86_64-linux-gnu/12 -L/usr/bin/../lib/gcc/x86_64-linux-gnu/12/../../../../lib64 -L/lib/x86_64-linux-gnu -L/lib/../lib64 -L/usr/lib/x86_64-linux-gnu -L/usr/lib/../lib64 -L/usr/lib/llvm-14/bin/../lib -L/lib -L/usr/lib --gc-sections -soname libGlistEngine.so CMakeFiles/GlistEngine.dir/home/noyan/dev/glist/zbin/glistzbin-linux/mingw64/lib/sqlite3.c.o CMakeFiles/GlistEngine.dir/home/noyan/dev/glist/GlistEngine/engine/graphics/particles/gFireParticles.cpp.o CMakeFiles/GlistEngine.dir/home/noyan/dev/glist/GlistEngine/engine/base/gBaseParticles.cpp.o CMakeFiles/GlistEngine.dir/home/noyan/dev/glist/GlistEngine/engine/types/gColor.cpp.o CMakeFiles/GlistEngine.dir/home/noyan/dev/glist/GlistEngine/engine/utils/gThread.cpp.o CMakeFiles/GlistEngine.dir/home/noyan/dev/glist/GlistEngine/engine/utils/gUtils.cpp.o CMakeFiles/GlistEngine.dir/home/noyan/dev/glist/GlistEngine/engine/utils/gFile.cpp.o CMakeFiles/GlistEngine.dir/home/noyan/dev/glist/GlistEngine/engine/utils/gHttpFile.cpp.o CMakeFiles/GlistEngine.dir/home/noyan/dev/glist/GlistEngine/engine/graphics/gShader.cpp.o CMakeFiles/GlistEngine.dir/home/noyan/dev/glist/GlistEngine/engine/graphics/gFog.cpp.o CMakeFiles/GlistEngine.dir/home/noyan/dev/glist/GlistEngine/engine/core/gObject.cpp.o CMakeFiles/GlistEngine.dir/home/noyan/dev/glist/GlistEngine/engine/core/gRenderer.cpp.o CMakeFiles/GlistEngine.dir/home/noyan/dev/glist/GlistEngine/engine/core/gRenderObject.cpp.o CMakeFiles/GlistEngine.dir/home/noyan/dev/glist/GlistEngine/engine/core/gGUIActionManager.cpp.o CMakeFiles/GlistEngine.dir/home/noyan/dev/glist/GlistEngine/engine/graphics/gTexture.cpp.o CMakeFiles/GlistEngine.dir/home/noyan/dev/glist/GlistEngine/engine/graphics/gImage.cpp.o CMakeFiles/GlistEngine.dir/home/noyan/dev/glist/GlistEngine/engine/graphics/gSkybox.cpp.o CMakeFiles/GlistEngine.dir/home/noyan/dev/glist/GlistEngine/engine/graphics/gNode.cpp.o CMakeFiles/GlistEngine.dir/home/noyan/dev/glist/GlistEngine/engine/graphics/gLight.cpp.o CMakeFiles/GlistEngine.dir/home/noyan/dev/glist/GlistEngine/engine/graphics/gShadowMap.cpp.o CMakeFiles/GlistEngine.dir/home/noyan/dev/glist/GlistEngine/engine/graphics/gCamera.cpp.o CMakeFiles/GlistEngine.dir/home/noyan/dev/glist/GlistEngine/engine/graphics/gFont.cpp.o CMakeFiles/GlistEngine.dir/home/noyan/dev/glist/GlistEngine/engine/graphics/gMaterial.cpp.o CMakeFiles/GlistEngine.dir/home/noyan/dev/glist/GlistEngine/engine/graphics/gMesh.cpp.o CMakeFiles/GlistEngine.dir/home/noyan/dev/glist/GlistEngine/engine/graphics/gSkinnedMesh.cpp.o CMakeFiles/GlistEngine.dir/home/noyan/dev/glist/GlistEngine/engine/graphics/gModel.cpp.o CMakeFiles/GlistEngine.dir/home/noyan/dev/glist/GlistEngine/engine/utils/gLocalization.cpp.o CMakeFiles/GlistEngine.dir/home/noyan/dev/glist/GlistEngine/engine/utils/gDatabase.cpp.o CMakeFiles/GlistEngine.dir/home/noyan/dev/glist/GlistEngine/engine/utils/gAssetLoader.cpp.o CMakeFiles/GlistEngine.dir/home/noyan/dev/glist/GlistEngine/engine/utils/gAES.cpp.o CMakeFiles/GlistEngine.dir/home/noyan/dev/glist/GlistEngine/engine/graphics/primitives/gCross.cpp.o CMakeFiles/GlistEngine.dir/home/noyan/dev/glist/GlistEngine/engine/graphics/primitives/gArc.cpp.o CMakeFiles/GlistEngine.dir/home/noyan/dev/glist/GlistEngine/engine/graphics/primitives/gLine.cpp.o CMakeFiles/GlistEngine.dir/home/noyan/dev/glist/GlistEngine/engine/graphics/primitives/gCircle.cpp.o CMakeFiles/GlistEngine.dir/home/noyan/dev/glist/GlistEngine/engine/graphics/primitives/gRectangle.cpp.o CMakeFiles/GlistEngine.dir/home/noyan/dev/glist/GlistEngine/engine/graphics/primitives/gRoundedRectangle.cpp.o CMakeFiles/GlistEngine.dir/home/noyan/dev/glist/GlistEngine/engine/graphics/primitives/gPlane.cpp.o CMakeFiles/GlistEngine.dir/home/noyan/dev/glist/GlistEngine/engine/graphics/primitives/gBox.cpp.o CMakeFiles/GlistEngine.dir/home/noyan/dev/glist/GlistEngine/engine/graphics/primitives/gSphere.cpp.o CMakeFiles/GlistEngine.dir/home/noyan/dev/glist/GlistEngine/engine/graphics/primitives/gTriangle.cpp.o CMakeFiles/GlistEngine.dir/home/noyan/dev/glist/GlistEngine/engine/graphics/primitives/gCylinder.cpp.o CMakeFiles/GlistEngine.dir/home/noyan/dev/glist/GlistEngine/engine/graphics/primitives/gCone.cpp.o CMakeFiles/GlistEngine.dir/home/noyan/dev/glist/GlistEngine/engine/graphics/gVbo.cpp.o CMakeFiles/GlistEngine.dir/home/noyan/dev/glist/GlistEngine/engine/graphics/gFbo.cpp.o CMakeFiles/GlistEngine.dir/home/noyan/dev/glist/GlistEngine/engine/graphics/gRay.cpp.o CMakeFiles/GlistEngine.dir/home/noyan/dev/glist/GlistEngine/engine/graphics/gBoundingBox.cpp.o CMakeFiles/GlistEngine.dir/home/noyan/dev/glist/GlistEngine/engine/graphics/gRect.cpp.o CMakeFiles/GlistEngine.dir/home/noyan/dev/glist/GlistEngine/engine/animation/gSpriteAnimation.cpp.o CMakeFiles/GlistEngine.dir/home/noyan/dev/glist/GlistEngine/engine/animation/gSpriteAnimator.cpp.o CMakeFiles/GlistEngine.dir/home/noyan/dev/glist/GlistEngine/engine/ui/gGUIGrid.cpp.o CMakeFiles/GlistEngine.dir/home/noyan/dev/glist/GlistEngine/engine/ui/gGUIColorPicker.cpp.o CMakeFiles/GlistEngine.dir/home/noyan/dev/glist/GlistEngine/engine/ui/gGUINotebook.cpp.o CMakeFiles/GlistEngine.dir/home/noyan/dev/glist/GlistEngine/engine/ui/gGUICandleStickChart.cpp.o CMakeFiles/GlistEngine.dir/home/noyan/dev/glist/GlistEngine/engine/ui/gGUIStatusBar.cpp.o CMakeFiles/GlistEngine.dir/home/noyan/dev/glist/GlistEngine/engine/ui/gGUILineGraph.cpp.o CMakeFiles/GlistEngine.dir/home/noyan/dev/glist/GlistEngine/engine/ui/gGUIContextMenu.cpp.o CMakeFiles/GlistEngine.dir/home/noyan/dev/glist/GlistEngine/engine/ui/gGUIRadarChart.cpp.o CMakeFiles/GlistEngine.dir/home/noyan/dev/glist/GlistEngine/engine/ui/gGUIDialogue.cpp.o CMakeFiles/GlistEngine.dir/home/noyan/dev/glist/GlistEngine/engine/ui/gGUITimebox.cpp.o CMakeFiles/GlistEngine.dir/home/noyan/dev/glist/GlistEngine/engine/ui/gGUIPieGraph.cpp.o CMakeFiles/GlistEngine.dir/home/noyan/dev/glist/GlistEngine/engine/ui/gGUIGraph.cpp.o CMakeFiles/GlistEngine.dir/home/noyan/dev/glist/GlistEngine/engine/ui/gGUINumberBox.cpp.o CMakeFiles/GlistEngine.dir/home/noyan/dev/glist/GlistEngine/engine/ui/gGUISwitchButton.cpp.o CMakeFiles/GlistEngine.dir/home/noyan/dev/glist/GlistEngine/engine/ui/gGUIListbox.cpp.o CMakeFiles/GlistEngine.dir/home/noyan/dev/glist/GlistEngine/engine/ui/gGUITreelist.cpp.o CMakeFiles/GlistEngine.dir/home/noyan/dev/glist/GlistEngine/engine/ui/gGUIDropdownList.cpp.o CMakeFiles/GlistEngine.dir/home/noyan/dev/glist/GlistEngine/engine/ui/gGUICheckbox.cpp.o CMakeFiles/GlistEngine.dir/home/noyan/dev/glist/GlistEngine/engine/ui/gGUIColumnChart.cpp.o CMakeFiles/GlistEngine.dir/home/noyan/dev/glist/GlistEngine/engine/ui/gGUITextbox.cpp.o CMakeFiles/GlistEngine.dir/home/noyan/dev/glist/GlistEngine/engine/ui/gGUIText.cpp.o CMakeFiles/GlistEngine.dir/home/noyan/dev/glist/GlistEngine/engine/ui/gGUIDivider.cpp.o CMakeFiles/GlistEngine.dir/home/noyan/dev/glist/GlistEngine/engine/ui/gGUIToolbarButton.cpp.o CMakeFiles/GlistEngine.dir/home/noyan/dev/glist/GlistEngine/engine/ui/gGUIProgressBar.cpp.o CMakeFiles/GlistEngine.dir/home/noyan/dev/glist/GlistEngine/engine/ui/gGUIRadioButton.cpp.o CMakeFiles/GlistEngine.dir/home/noyan/dev/glist/GlistEngine/engine/ui/gGUIBitmap.cpp.o CMakeFiles/GlistEngine.dir/home/noyan/dev/glist/GlistEngine/engine/ui/gGUISlider.cpp.o CMakeFiles/GlistEngine.dir/home/noyan/dev/glist/GlistEngine/engine/ui/gGUIImageButton.cpp.o CMakeFiles/GlistEngine.dir/home/noyan/dev/glist/GlistEngine/engine/ui/gGUIColorbox.cpp.o CMakeFiles/GlistEngine.dir/home/noyan/dev/glist/GlistEngine/engine/ui/gGUIButton.cpp.o CMakeFiles/GlistEngine.dir/home/noyan/dev/glist/GlistEngine/engine/ui/gGUISizer.cpp.o CMakeFiles/GlistEngine.dir/home/noyan/dev/glist/GlistEngine/engine/ui/gGUINavigation.cpp.o CMakeFiles/GlistEngine.dir/home/noyan/dev/glist/GlistEngine/engine/ui/gGUIToolbar.cpp.o CMakeFiles/GlistEngine.dir/home/noyan/dev/glist/GlistEngine/engine/ui/gGUIMenubar.cpp.o CMakeFiles/GlistEngine.dir/home/noyan/dev/glist/GlistEngine/engine/ui/gGUIPane.cpp.o CMakeFiles/GlistEngine.dir/home/noyan/dev/glist/GlistEngine/engine/ui/gGUIPanel.cpp.o CMakeFiles/GlistEngine.dir/home/noyan/dev/glist/GlistEngine/engine/ui/gGUIScrollable.cpp.o CMakeFiles/GlistEngine.dir/home/noyan/dev/glist/GlistEngine/engine/ui/gGUIFrame.cpp.o CMakeFiles/GlistEngine.dir/home/noyan/dev/glist/GlistEngine/engine/ui/gGUIControl.cpp.o CMakeFiles/GlistEngine.dir/home/noyan/dev/glist/GlistEngine/engine/ui/gGUIContainer.cpp.o CMakeFiles/GlistEngine.dir/home/noyan/dev/glist/GlistEngine/engine/ui/gGUIForm.cpp.o CMakeFiles/GlistEngine.dir/home/noyan/dev/glist/GlistEngine/engine/ui/gGUIResources.cpp.o CMakeFiles/GlistEngine.dir/home/noyan/dev/glist/GlistEngine/engine/ui/base/tinyfiledialogs.c.o CMakeFiles/GlistEngine.dir/home/noyan/dev/glist/GlistEngine/engine/base/gBaseGUIObject.cpp.o CMakeFiles/GlistEngine.dir/home/noyan/dev/glist/GlistEngine/engine/core/gGUIManager.cpp.o CMakeFiles/GlistEngine.dir/home/noyan/dev/glist/GlistEngine/engine/core/gAppObject.cpp.o CMakeFiles/GlistEngine.dir/home/noyan/dev/glist/GlistEngine/engine/base/gBaseComponent.cpp.o CMakeFiles/GlistEngine.dir/home/noyan/dev/glist/GlistEngine/engine/base/gBasePlugin.cpp.o CMakeFiles/GlistEngine.dir/home/noyan/dev/glist/GlistEngine/engine/media/gBaseSound.cpp.o CMakeFiles/GlistEngine.dir/home/noyan/dev/glist/GlistEngine/engine/media/gFmodSound.cpp.o CMakeFiles/GlistEngine.dir/home/noyan/dev/glist/GlistEngine/engine/base/gBaseApp.cpp.o CMakeFiles/GlistEngine.dir/home/noyan/dev/glist/GlistEngine/engine/base/gBaseCanvas.cpp.o CMakeFiles/GlistEngine.dir/home/noyan/dev/glist/GlistEngine/engine/core/gBaseWindow.cpp.o CMakeFiles/GlistEngine.dir/home/noyan/dev/glist/GlistEngine/engine/core/gCanvasManager.cpp.o CMakeFiles/GlistEngine.dir/home/noyan/dev/glist/GlistEngine/engine/core/gAppManager.cpp.o CMakeFiles/GlistEngine.dir/home/noyan/dev/glist/GlistEngine/engine/core/gPostProcessManager.cpp.o CMakeFiles/GlistEngine.dir/home/noyan/dev/glist/GlistEngine/engine/base/gBasePostProcess.cpp.o CMakeFiles/GlistEngine.dir/home/noyan/dev/glist/GlistEngine/engine/graphics/posteffects/gInversion.cpp.o CMakeFiles/GlistEngine.dir/home/noyan/dev/glist/GlistEngine/engine/graphics/posteffects/gGrayscale.cpp.o CMakeFiles/GlistEngine.dir/home/noyan/dev/glist/GlistEngine/engine/graphics/posteffects/gKernelEffect.cpp.o CMakeFiles/GlistEngine.dir/home/noyan/dev/glist/GlistEngine/engine/graphics/posteffects/kerneleffects/gBlur.cpp.o CMakeFiles/GlistEngine.dir/home/noyan/dev/glist/GlistEngine/engine/graphics/posteffects/kerneleffects/gSharpen.cpp.o CMakeFiles/GlistEngine.dir/home/noyan/dev/glist/GlistEngine/engine/graphics/posteffects/kerneleffects/gEdgeDetection.cpp.o CMakeFiles/GlistEngine.dir/home/noyan/dev/glist/GlistEngine/engine/core/backward.cpp.o CMakeFiles/GlistEngine.dir/home/noyan/dev/glist/GlistEngine/engine/core/gGLFWWindow.cpp.o -rpath /home/noyan/dev/glist/myglistapps/GlistApp/../../zbin/glistzbin-linux/mingw64/lib ../../../../zbin/glistzbin-linux/mingw64/lib/libfmodL.so ../../../../zbin/glistzbin-linux/mingw64/lib/libfmod.so ../../../../zbin/glistzbin-linux/mingw64/lib/libassimp.so ../../../../zbin/glistzbin-linux/mingw64/lib/libfreetype.so ../../../../zbin/glistzbin-linux/mingw64/lib/libpng.so -lcurl -lcrypto ../../../../zbin/glistzbin-linux/mingw64/lib/libglfw.so -lGL -lGLEW -ldl -lstdc++ -lm -lgcc_s -lgcc -lpthread -lc -lgcc_s -lgcc /usr/bin/../lib/gcc/x86_64-linux-gnu/12/crtendS.o /lib/x86_64-linux-gnu/crtn.o
[119/119] Linking CXX executable GlistApp

**** Build of configuration Release for project GlistEngine ****

Nothing to build for project GlistEngine
16:13:55 Buildscript generation: GlistApp::Release in /home/noyan/dev/glist/myglistapps/GlistApp/_build/Release
cmake -G "Unix Makefiles" -Wno-dev -DCMAKE_EXPORT_COMPILE_COMMANDS:BOOL=ON /home/noyan/dev/glist/myglistapps/GlistApp 
-- The C compiler identification is GNU 7.5.0
-- The CXX compiler identification is Clang 14.0.0
-- Check for working C compiler: /usr/bin/cc
-- Check for working C compiler: /usr/bin/cc -- works
-- Detecting C compiler ABI info
-- Detecting C compiler ABI info - done
-- Detecting C compile features
-- Detecting C compile features - done
-- Check for working CXX compiler: /usr/bin/c++
-- Check for working CXX compiler: /usr/bin/c++ -- works
-- Detecting CXX compiler ABI info
-- Detecting CXX compiler ABI info - done
-- Detecting CXX compile features
-- Detecting CXX compile features - done
-- Architecture: x86_64
-- Configuring done
-- Generating done
-- Build files have been written to: /home/noyan/dev/glist/myglistapps/GlistApp/_build/Release
16:13:57 Buildscript generation finished (took 2376 ms)
16:13:57 **** Incremental Build of configuration Release for project GlistApp ****
/usr/bin/gmake all 
gmake[1]: Entering directory '/home/noyan/dev/glist/myglistapps/GlistApp/_build/Release'
gmake[2]: Entering directory '/home/noyan/dev/glist/myglistapps/GlistApp/_build/Release'
Scanning dependencies of target GlistEngine
gmake[2]: Leaving directory '/home/noyan/dev/glist/myglistapps/GlistApp/_build/Release'
gmake[2]: Entering directory '/home/noyan/dev/glist/myglistapps/GlistApp/_build/Release'
[  1%] Building C object CMakeFiles/GlistEngine.dir/home/noyan/dev/glist/zbin/glistzbin-linux/mingw64/lib/sqlite3.c.o
[  2%] Building CXX object CMakeFiles/GlistEngine.dir/home/noyan/dev/glist/GlistEngine/engine/graphics/particles/gFireParticles.cpp.o
[  2%] Building CXX object CMakeFiles/GlistEngine.dir/home/noyan/dev/glist/GlistEngine/engine/base/gBaseParticles.cpp.o
[  3%] Building CXX object CMakeFiles/GlistEngine.dir/home/noyan/dev/glist/GlistEngine/engine/types/gColor.cpp.o
[  4%] Building CXX object CMakeFiles/GlistEngine.dir/home/noyan/dev/glist/GlistEngine/engine/utils/gThread.cpp.o
[  5%] Building CXX object CMakeFiles/GlistEngine.dir/home/noyan/dev/glist/GlistEngine/engine/utils/gUtils.cpp.o
[  6%] Building CXX object CMakeFiles/GlistEngine.dir/home/noyan/dev/glist/GlistEngine/engine/utils/gFile.cpp.o
[  7%] Building CXX object CMakeFiles/GlistEngine.dir/home/noyan/dev/glist/GlistEngine/engine/utils/gHttpFile.cpp.o
[  7%] Building CXX object CMakeFiles/GlistEngine.dir/home/noyan/dev/glist/GlistEngine/engine/graphics/gShader.cpp.o
[  8%] Building CXX object CMakeFiles/GlistEngine.dir/home/noyan/dev/glist/GlistEngine/engine/graphics/gFog.cpp.o
[  9%] Building CXX object CMakeFiles/GlistEngine.dir/home/noyan/dev/glist/GlistEngine/engine/core/gObject.cpp.o
[ 10%] Building CXX object CMakeFiles/GlistEngine.dir/home/noyan/dev/glist/GlistEngine/engine/core/gRenderer.cpp.o
[ 11%] Building CXX object CMakeFiles/GlistEngine.dir/home/noyan/dev/glist/GlistEngine/engine/core/gRenderObject.cpp.o
[ 12%] Building CXX object CMakeFiles/GlistEngine.dir/home/noyan/dev/glist/GlistEngine/engine/core/gGUIActionManager.cpp.o
[ 12%] Building CXX object CMakeFiles/GlistEngine.dir/home/noyan/dev/glist/GlistEngine/engine/graphics/gTexture.cpp.o
[ 13%] Building CXX object CMakeFiles/GlistEngine.dir/home/noyan/dev/glist/GlistEngine/engine/graphics/gImage.cpp.o
[ 14%] Building CXX object CMakeFiles/GlistEngine.dir/home/noyan/dev/glist/GlistEngine/engine/graphics/gSkybox.cpp.o
[ 15%] Building CXX object CMakeFiles/GlistEngine.dir/home/noyan/dev/glist/GlistEngine/engine/graphics/gNode.cpp.o
[ 16%] Building CXX object CMakeFiles/GlistEngine.dir/home/noyan/dev/glist/GlistEngine/engine/graphics/gLight.cpp.o
[ 17%] Building CXX object CMakeFiles/GlistEngine.dir/home/noyan/dev/glist/GlistEngine/engine/graphics/gShadowMap.cpp.o
[ 18%] Building CXX object CMakeFiles/GlistEngine.dir/home/noyan/dev/glist/GlistEngine/engine/graphics/gCamera.cpp.o
[ 18%] Building CXX object CMakeFiles/GlistEngine.dir/home/noyan/dev/glist/GlistEngine/engine/graphics/gFont.cpp.o
[ 19%] Building CXX object CMakeFiles/GlistEngine.dir/home/noyan/dev/glist/GlistEngine/engine/graphics/gMaterial.cpp.o
[ 20%] Building CXX object CMakeFiles/GlistEngine.dir/home/noyan/dev/glist/GlistEngine/engine/graphics/gMesh.cpp.o
[ 21%] Building CXX object CMakeFiles/GlistEngine.dir/home/noyan/dev/glist/GlistEngine/engine/graphics/gSkinnedMesh.cpp.o
[ 22%] Building CXX object CMakeFiles/GlistEngine.dir/home/noyan/dev/glist/GlistEngine/engine/graphics/gModel.cpp.o
/home/noyan/dev/glist/GlistEngine/engine/graphics/gModel.cpp:637:108: warning: expression result unused [-Wunused-value]
    for (int i=0; i<scene->mNumMeshes; i++) if (scene->mMeshes[i]->mNumVertices > vnum) scene->mMeshes[i]->mNumVertices;
                                                                                        ~~~~~~~~~~~~~~~~~  ^~~~~~~~~~~~
1 warning generated.
[ 23%] Building CXX object CMakeFiles/GlistEngine.dir/home/noyan/dev/glist/GlistEngine/engine/utils/gLocalization.cpp.o
[ 23%] Building CXX object CMakeFiles/GlistEngine.dir/home/noyan/dev/glist/GlistEngine/engine/utils/gDatabase.cpp.o
[ 24%] Building CXX object CMakeFiles/GlistEngine.dir/home/noyan/dev/glist/GlistEngine/engine/utils/gAssetLoader.cpp.o
[ 25%] Building CXX object CMakeFiles/GlistEngine.dir/home/noyan/dev/glist/GlistEngine/engine/utils/gAES.cpp.o
/home/noyan/dev/glist/GlistEngine/engine/utils/gAES.cpp:84:2: warning: 'MD5' is deprecated [-Wdeprecated-declarations]
        MD5((unsigned char*)plainText.c_str(), (int)plainText.length(), digest);
        ^
/usr/include/openssl/md5.h:52:1: note: 'MD5' has been explicitly marked deprecated here
OSSL_DEPRECATEDIN_3_0 unsigned char *MD5(const unsigned char *d, size_t n,
^
/usr/include/openssl/macros.h:182:49: note: expanded from macro 'OSSL_DEPRECATEDIN_3_0'
#   define OSSL_DEPRECATEDIN_3_0                OSSL_DEPRECATED(3.0)
                                                ^
/usr/include/openssl/macros.h:62:52: note: expanded from macro 'OSSL_DEPRECATED'
#     define OSSL_DEPRECATED(since) __attribute__((deprecated))
                                                   ^
1 warning generated.
[ 26%] Building CXX object CMakeFiles/GlistEngine.dir/home/noyan/dev/glist/GlistEngine/engine/graphics/primitives/gCross.cpp.o
[ 27%] Building CXX object CMakeFiles/GlistEngine.dir/home/noyan/dev/glist/GlistEngine/engine/graphics/primitives/gArc.cpp.o
[ 28%] Building CXX object CMakeFiles/GlistEngine.dir/home/noyan/dev/glist/GlistEngine/engine/graphics/primitives/gLine.cpp.o
[ 28%] Building CXX object CMakeFiles/GlistEngine.dir/home/noyan/dev/glist/GlistEngine/engine/graphics/primitives/gCircle.cpp.o
[ 29%] Building CXX object CMakeFiles/GlistEngine.dir/home/noyan/dev/glist/GlistEngine/engine/graphics/primitives/gRectangle.cpp.o
[ 30%] Building CXX object CMakeFiles/GlistEngine.dir/home/noyan/dev/glist/GlistEngine/engine/graphics/primitives/gRoundedRectangle.cpp.o
[ 31%] Building CXX object CMakeFiles/GlistEngine.dir/home/noyan/dev/glist/GlistEngine/engine/graphics/primitives/gPlane.cpp.o
[ 32%] Building CXX object CMakeFiles/GlistEngine.dir/home/noyan/dev/glist/GlistEngine/engine/graphics/primitives/gBox.cpp.o
[ 33%] Building CXX object CMakeFiles/GlistEngine.dir/home/noyan/dev/glist/GlistEngine/engine/graphics/primitives/gSphere.cpp.o
[ 33%] Building CXX object CMakeFiles/GlistEngine.dir/home/noyan/dev/glist/GlistEngine/engine/graphics/primitives/gTriangle.cpp.o
[ 34%] Building CXX object CMakeFiles/GlistEngine.dir/home/noyan/dev/glist/GlistEngine/engine/graphics/primitives/gCylinder.cpp.o
[ 35%] Building CXX object CMakeFiles/GlistEngine.dir/home/noyan/dev/glist/GlistEngine/engine/graphics/primitives/gCone.cpp.o
[ 36%] Building CXX object CMakeFiles/GlistEngine.dir/home/noyan/dev/glist/GlistEngine/engine/graphics/gVbo.cpp.o
[ 37%] Building CXX object CMakeFiles/GlistEngine.dir/home/noyan/dev/glist/GlistEngine/engine/graphics/gFbo.cpp.o
[ 38%] Building CXX object CMakeFiles/GlistEngine.dir/home/noyan/dev/glist/GlistEngine/engine/graphics/gRay.cpp.o
[ 39%] Building CXX object CMakeFiles/GlistEngine.dir/home/noyan/dev/glist/GlistEngine/engine/graphics/gBoundingBox.cpp.o
[ 39%] Building CXX object CMakeFiles/GlistEngine.dir/home/noyan/dev/glist/GlistEngine/engine/graphics/gRect.cpp.o
[ 40%] Building CXX object CMakeFiles/GlistEngine.dir/home/noyan/dev/glist/GlistEngine/engine/animation/gSpriteAnimation.cpp.o
In file included from /home/noyan/dev/glist/GlistEngine/engine/animation/gSpriteAnimation.cpp:8:
/home/noyan/dev/glist/myglistapps/GlistApp/../../GlistEngine/engine/animation/gSpriteAnimation.h:40:10: warning: enumeration value 'MAX_TRIGGER_CONDITIONS' not handled in switch [-Wswitch]
                switch(cond)
                       ^~~~
1 warning generated.
[ 41%] Building CXX object CMakeFiles/GlistEngine.dir/home/noyan/dev/glist/GlistEngine/engine/animation/gSpriteAnimator.cpp.o
In file included from /home/noyan/dev/glist/GlistEngine/engine/animation/gSpriteAnimator.cpp:8:
In file included from /home/noyan/dev/glist/myglistapps/GlistApp/../../GlistEngine/engine/animation/gSpriteAnimator.h:11:
/home/noyan/dev/glist/myglistapps/GlistApp/../../GlistEngine/engine/animation/gSpriteAnimation.h:40:10: warning: enumeration value 'MAX_TRIGGER_CONDITIONS' not handled in switch [-Wswitch]
                switch(cond)
                       ^~~~
1 warning generated.
[ 42%] Building CXX object CMakeFiles/GlistEngine.dir/home/noyan/dev/glist/GlistEngine/engine/ui/gGUIGrid.cpp.o
[ 43%] Building CXX object CMakeFiles/GlistEngine.dir/home/noyan/dev/glist/GlistEngine/engine/ui/gGUIColorPicker.cpp.o
[ 44%] Building CXX object CMakeFiles/GlistEngine.dir/home/noyan/dev/glist/GlistEngine/engine/ui/gGUINotebook.cpp.o
[ 44%] Building CXX object CMakeFiles/GlistEngine.dir/home/noyan/dev/glist/GlistEngine/engine/ui/gGUICandleStickChart.cpp.o
[ 45%] Building CXX object CMakeFiles/GlistEngine.dir/home/noyan/dev/glist/GlistEngine/engine/ui/gGUIStatusBar.cpp.o
[ 46%] Building CXX object CMakeFiles/GlistEngine.dir/home/noyan/dev/glist/GlistEngine/engine/ui/gGUILineGraph.cpp.o
[ 47%] Building CXX object CMakeFiles/GlistEngine.dir/home/noyan/dev/glist/GlistEngine/engine/ui/gGUIContextMenu.cpp.o
[ 48%] Building CXX object CMakeFiles/GlistEngine.dir/home/noyan/dev/glist/GlistEngine/engine/ui/gGUIRadarChart.cpp.o
[ 49%] Building CXX object CMakeFiles/GlistEngine.dir/home/noyan/dev/glist/GlistEngine/engine/ui/gGUIDialogue.cpp.o
[ 49%] Building CXX object CMakeFiles/GlistEngine.dir/home/noyan/dev/glist/GlistEngine/engine/ui/gGUITimebox.cpp.o
[ 50%] Building CXX object CMakeFiles/GlistEngine.dir/home/noyan/dev/glist/GlistEngine/engine/ui/gGUIPieGraph.cpp.o
[ 51%] Building CXX object CMakeFiles/GlistEngine.dir/home/noyan/dev/glist/GlistEngine/engine/ui/gGUIGraph.cpp.o
/home/noyan/dev/glist/GlistEngine/engine/ui/gGUIGraph.cpp:19:9: warning: implicit conversion from 'int' to 'float' changes value from -2147483647 to -2147483648 [-Wimplicit-const-int-float-conversion]
        maxx = -2147483647;
             ~ ^~~~~~~~~~~
/home/noyan/dev/glist/GlistEngine/engine/ui/gGUIGraph.cpp:20:9: warning: implicit conversion from 'int' to 'float' changes value from -2147483647 to -2147483648 [-Wimplicit-const-int-float-conversion]
        maxy = -2147483647;
             ~ ^~~~~~~~~~~
2 warnings generated.
[ 52%] Building CXX object CMakeFiles/GlistEngine.dir/home/noyan/dev/glist/GlistEngine/engine/ui/gGUINumberBox.cpp.o
[ 53%] Building CXX object CMakeFiles/GlistEngine.dir/home/noyan/dev/glist/GlistEngine/engine/ui/gGUISwitchButton.cpp.o
[ 54%] Building CXX object CMakeFiles/GlistEngine.dir/home/noyan/dev/glist/GlistEngine/engine/ui/gGUIListbox.cpp.o
[ 54%] Building CXX object CMakeFiles/GlistEngine.dir/home/noyan/dev/glist/GlistEngine/engine/ui/gGUITreelist.cpp.o
[ 55%] Building CXX object CMakeFiles/GlistEngine.dir/home/noyan/dev/glist/GlistEngine/engine/ui/gGUIDropdownList.cpp.o
[ 56%] Building CXX object CMakeFiles/GlistEngine.dir/home/noyan/dev/glist/GlistEngine/engine/ui/gGUICheckbox.cpp.o
[ 57%] Building CXX object CMakeFiles/GlistEngine.dir/home/noyan/dev/glist/GlistEngine/engine/ui/gGUIColumnChart.cpp.o
[ 58%] Building CXX object CMakeFiles/GlistEngine.dir/home/noyan/dev/glist/GlistEngine/engine/ui/gGUITextbox.cpp.o
[ 59%] Building CXX object CMakeFiles/GlistEngine.dir/home/noyan/dev/glist/GlistEngine/engine/ui/gGUIText.cpp.o
[ 60%] Building CXX object CMakeFiles/GlistEngine.dir/home/noyan/dev/glist/GlistEngine/engine/ui/gGUIDivider.cpp.o
[ 60%] Building CXX object CMakeFiles/GlistEngine.dir/home/noyan/dev/glist/GlistEngine/engine/ui/gGUIToolbarButton.cpp.o
[ 61%] Building CXX object CMakeFiles/GlistEngine.dir/home/noyan/dev/glist/GlistEngine/engine/ui/gGUIProgressBar.cpp.o
[ 62%] Building CXX object CMakeFiles/GlistEngine.dir/home/noyan/dev/glist/GlistEngine/engine/ui/gGUIRadioButton.cpp.o
[ 63%] Building CXX object CMakeFiles/GlistEngine.dir/home/noyan/dev/glist/GlistEngine/engine/ui/gGUIBitmap.cpp.o
[ 64%] Building CXX object CMakeFiles/GlistEngine.dir/home/noyan/dev/glist/GlistEngine/engine/ui/gGUISlider.cpp.o
[ 65%] Building CXX object CMakeFiles/GlistEngine.dir/home/noyan/dev/glist/GlistEngine/engine/ui/gGUIImageButton.cpp.o
[ 65%] Building CXX object CMakeFiles/GlistEngine.dir/home/noyan/dev/glist/GlistEngine/engine/ui/gGUIColorbox.cpp.o
[ 66%] Building CXX object CMakeFiles/GlistEngine.dir/home/noyan/dev/glist/GlistEngine/engine/ui/gGUIButton.cpp.o
[ 67%] Building CXX object CMakeFiles/GlistEngine.dir/home/noyan/dev/glist/GlistEngine/engine/ui/gGUISizer.cpp.o
[ 68%] Building CXX object CMakeFiles/GlistEngine.dir/home/noyan/dev/glist/GlistEngine/engine/ui/gGUINavigation.cpp.o
[ 69%] Building CXX object CMakeFiles/GlistEngine.dir/home/noyan/dev/glist/GlistEngine/engine/ui/gGUIToolbar.cpp.o
[ 70%] Building CXX object CMakeFiles/GlistEngine.dir/home/noyan/dev/glist/GlistEngine/engine/ui/gGUIMenubar.cpp.o
[ 70%] Building CXX object CMakeFiles/GlistEngine.dir/home/noyan/dev/glist/GlistEngine/engine/ui/gGUIPane.cpp.o
[ 71%] Building CXX object CMakeFiles/GlistEngine.dir/home/noyan/dev/glist/GlistEngine/engine/ui/gGUIPanel.cpp.o
[ 72%] Building CXX object CMakeFiles/GlistEngine.dir/home/noyan/dev/glist/GlistEngine/engine/ui/gGUIScrollable.cpp.o
[ 73%] Building CXX object CMakeFiles/GlistEngine.dir/home/noyan/dev/glist/GlistEngine/engine/ui/gGUIFrame.cpp.o
[ 74%] Building CXX object CMakeFiles/GlistEngine.dir/home/noyan/dev/glist/GlistEngine/engine/ui/gGUIControl.cpp.o
[ 75%] Building CXX object CMakeFiles/GlistEngine.dir/home/noyan/dev/glist/GlistEngine/engine/ui/gGUIContainer.cpp.o
[ 75%] Building CXX object CMakeFiles/GlistEngine.dir/home/noyan/dev/glist/GlistEngine/engine/ui/gGUIForm.cpp.o
[ 76%] Building CXX object CMakeFiles/GlistEngine.dir/home/noyan/dev/glist/GlistEngine/engine/ui/gGUIResources.cpp.o
[ 77%] Building C object CMakeFiles/GlistEngine.dir/home/noyan/dev/glist/GlistEngine/engine/ui/base/tinyfiledialogs.c.o
[ 78%] Building CXX object CMakeFiles/GlistEngine.dir/home/noyan/dev/glist/GlistEngine/engine/base/gBaseGUIObject.cpp.o
[ 79%] Building CXX object CMakeFiles/GlistEngine.dir/home/noyan/dev/glist/GlistEngine/engine/core/gGUIManager.cpp.o
[ 80%] Building CXX object CMakeFiles/GlistEngine.dir/home/noyan/dev/glist/GlistEngine/engine/core/gAppObject.cpp.o
[ 81%] Building CXX object CMakeFiles/GlistEngine.dir/home/noyan/dev/glist/GlistEngine/engine/base/gBaseComponent.cpp.o
[ 81%] Building CXX object CMakeFiles/GlistEngine.dir/home/noyan/dev/glist/GlistEngine/engine/base/gBasePlugin.cpp.o
[ 82%] Building CXX object CMakeFiles/GlistEngine.dir/home/noyan/dev/glist/GlistEngine/engine/media/gBaseSound.cpp.o
[ 83%] Building CXX object CMakeFiles/GlistEngine.dir/home/noyan/dev/glist/GlistEngine/engine/media/gFmodSound.cpp.o
[ 84%] Building CXX object CMakeFiles/GlistEngine.dir/home/noyan/dev/glist/GlistEngine/engine/base/gBaseApp.cpp.o
[ 85%] Building CXX object CMakeFiles/GlistEngine.dir/home/noyan/dev/glist/GlistEngine/engine/base/gBaseCanvas.cpp.o
[ 86%] Building CXX object CMakeFiles/GlistEngine.dir/home/noyan/dev/glist/GlistEngine/engine/core/gBaseWindow.cpp.o
[ 86%] Building CXX object CMakeFiles/GlistEngine.dir/home/noyan/dev/glist/GlistEngine/engine/core/gCanvasManager.cpp.o
[ 87%] Building CXX object CMakeFiles/GlistEngine.dir/home/noyan/dev/glist/GlistEngine/engine/core/gAppManager.cpp.o
In file included from /home/noyan/dev/glist/GlistEngine/engine/core/gAppManager.cpp:10:
/home/noyan/dev/glist/myglistapps/GlistApp/../../GlistEngine/engine/core/gGLFWWindow.h:46:7: warning: 'getShouldClose' overrides a member function but is not marked 'override' [-Winconsistent-missing-override]
        bool getShouldClose();
             ^
/home/noyan/dev/glist/myglistapps/GlistApp/../../GlistEngine/engine/core/gBaseWindow.h:49:15: note: overridden virtual function is here
        virtual bool getShouldClose();
                     ^
In file included from /home/noyan/dev/glist/GlistEngine/engine/core/gAppManager.cpp:10:
/home/noyan/dev/glist/myglistapps/GlistApp/../../GlistEngine/engine/core/gGLFWWindow.h:51:7: warning: 'update' overrides a member function but is not marked 'override' [-Winconsistent-missing-override]
        void update();
             ^
/home/noyan/dev/glist/myglistapps/GlistApp/../../GlistEngine/engine/core/gBaseWindow.h:54:15: note: overridden virtual function is here
        virtual void update();
                     ^
In file included from /home/noyan/dev/glist/GlistEngine/engine/core/gAppManager.cpp:10:
/home/noyan/dev/glist/myglistapps/GlistApp/../../GlistEngine/engine/core/gGLFWWindow.h:56:7: warning: 'close' overrides a member function but is not marked 'override' [-Winconsistent-missing-override]
        void close();
             ^
/home/noyan/dev/glist/myglistapps/GlistApp/../../GlistEngine/engine/core/gBaseWindow.h:59:15: note: overridden virtual function is here
        virtual void close();
                     ^
In file included from /home/noyan/dev/glist/GlistEngine/engine/core/gAppManager.cpp:10:
/home/noyan/dev/glist/myglistapps/GlistApp/../../GlistEngine/engine/core/gGLFWWindow.h:58:7: warning: 'enableVsync' overrides a member function but is not marked 'override' [-Winconsistent-missing-override]
        void enableVsync(bool vsync);
             ^
/home/noyan/dev/glist/myglistapps/GlistApp/../../GlistEngine/engine/core/gBaseWindow.h:62:15: note: overridden virtual function is here
        virtual void enableVsync(bool vsync);
                     ^
In file included from /home/noyan/dev/glist/GlistEngine/engine/core/gAppManager.cpp:10:
/home/noyan/dev/glist/myglistapps/GlistApp/../../GlistEngine/engine/core/gGLFWWindow.h:60:7: warning: 'setCursor' overrides a member function but is not marked 'override' [-Winconsistent-missing-override]
        void setCursor(int cursorNo);
             ^
/home/noyan/dev/glist/myglistapps/GlistApp/../../GlistEngine/engine/core/gBaseWindow.h:64:15: note: overridden virtual function is here
        virtual void setCursor(int cursorNo);
                     ^
In file included from /home/noyan/dev/glist/GlistEngine/engine/core/gAppManager.cpp:10:
/home/noyan/dev/glist/myglistapps/GlistApp/../../GlistEngine/engine/core/gGLFWWindow.h:61:7: warning: 'setCursorMode' overrides a member function but is not marked 'override' [-Winconsistent-missing-override]
        void setCursorMode(int cursorMode);
             ^
/home/noyan/dev/glist/myglistapps/GlistApp/../../GlistEngine/engine/core/gBaseWindow.h:65:15: note: overridden virtual function is here
        virtual void setCursorMode(int cursorMode);
                     ^
In file included from /home/noyan/dev/glist/GlistEngine/engine/core/gAppManager.cpp:10:
/home/noyan/dev/glist/myglistapps/GlistApp/../../GlistEngine/engine/core/gGLFWWindow.h:63:7: warning: 'setClipboardString' overrides a member function but is not marked 'override' [-Winconsistent-missing-override]
        void setClipboardString(std::string text);
             ^
/home/noyan/dev/glist/myglistapps/GlistApp/../../GlistEngine/engine/core/gBaseWindow.h:67:15: note: overridden virtual function is here
        virtual void setClipboardString(std::string text);
                     ^
In file included from /home/noyan/dev/glist/GlistEngine/engine/core/gAppManager.cpp:10:
/home/noyan/dev/glist/myglistapps/GlistApp/../../GlistEngine/engine/core/gGLFWWindow.h:64:14: warning: 'getClipboardString' overrides a member function but is not marked 'override' [-Winconsistent-missing-override]
        std::string getClipboardString();
                    ^
/home/noyan/dev/glist/myglistapps/GlistApp/../../GlistEngine/engine/core/gBaseWindow.h:68:22: note: overridden virtual function is here
        virtual std::string getClipboardString();
                            ^
8 warnings generated.
[ 88%] Building CXX object CMakeFiles/GlistEngine.dir/home/noyan/dev/glist/GlistEngine/engine/core/gPostProcessManager.cpp.o
[ 89%] Building CXX object CMakeFiles/GlistEngine.dir/home/noyan/dev/glist/GlistEngine/engine/base/gBasePostProcess.cpp.o
[ 90%] Building CXX object CMakeFiles/GlistEngine.dir/home/noyan/dev/glist/GlistEngine/engine/graphics/posteffects/gInversion.cpp.o
[ 91%] Building CXX object CMakeFiles/GlistEngine.dir/home/noyan/dev/glist/GlistEngine/engine/graphics/posteffects/gGrayscale.cpp.o
[ 91%] Building CXX object CMakeFiles/GlistEngine.dir/home/noyan/dev/glist/GlistEngine/engine/graphics/posteffects/gKernelEffect.cpp.o
[ 92%] Building CXX object CMakeFiles/GlistEngine.dir/home/noyan/dev/glist/GlistEngine/engine/graphics/posteffects/kerneleffects/gBlur.cpp.o
[ 93%] Building CXX object CMakeFiles/GlistEngine.dir/home/noyan/dev/glist/GlistEngine/engine/graphics/posteffects/kerneleffects/gSharpen.cpp.o
[ 94%] Building CXX object CMakeFiles/GlistEngine.dir/home/noyan/dev/glist/GlistEngine/engine/graphics/posteffects/kerneleffects/gEdgeDetection.cpp.o
[ 95%] Building CXX object CMakeFiles/GlistEngine.dir/home/noyan/dev/glist/GlistEngine/engine/core/backward.cpp.o
[ 96%] Building CXX object CMakeFiles/GlistEngine.dir/home/noyan/dev/glist/GlistEngine/engine/core/gGLFWWindow.cpp.o
In file included from /home/noyan/dev/glist/GlistEngine/engine/core/gGLFWWindow.cpp:8:
/home/noyan/dev/glist/myglistapps/GlistApp/../../GlistEngine/engine/core/gGLFWWindow.h:46:7: warning: 'getShouldClose' overrides a member function but is not marked 'override' [-Winconsistent-missing-override]
        bool getShouldClose();
             ^
/home/noyan/dev/glist/myglistapps/GlistApp/../../GlistEngine/engine/core/gBaseWindow.h:49:15: note: overridden virtual function is here
        virtual bool getShouldClose();
                     ^
In file included from /home/noyan/dev/glist/GlistEngine/engine/core/gGLFWWindow.cpp:8:
/home/noyan/dev/glist/myglistapps/GlistApp/../../GlistEngine/engine/core/gGLFWWindow.h:51:7: warning: 'update' overrides a member function but is not marked 'override' [-Winconsistent-missing-override]
        void update();
             ^
/home/noyan/dev/glist/myglistapps/GlistApp/../../GlistEngine/engine/core/gBaseWindow.h:54:15: note: overridden virtual function is here
        virtual void update();
                     ^
In file included from /home/noyan/dev/glist/GlistEngine/engine/core/gGLFWWindow.cpp:8:
/home/noyan/dev/glist/myglistapps/GlistApp/../../GlistEngine/engine/core/gGLFWWindow.h:56:7: warning: 'close' overrides a member function but is not marked 'override' [-Winconsistent-missing-override]
        void close();
             ^
/home/noyan/dev/glist/myglistapps/GlistApp/../../GlistEngine/engine/core/gBaseWindow.h:59:15: note: overridden virtual function is here
        virtual void close();
                     ^
In file included from /home/noyan/dev/glist/GlistEngine/engine/core/gGLFWWindow.cpp:8:
/home/noyan/dev/glist/myglistapps/GlistApp/../../GlistEngine/engine/core/gGLFWWindow.h:58:7: warning: 'enableVsync' overrides a member function but is not marked 'override' [-Winconsistent-missing-override]
        void enableVsync(bool vsync);
             ^
/home/noyan/dev/glist/myglistapps/GlistApp/../../GlistEngine/engine/core/gBaseWindow.h:62:15: note: overridden virtual function is here
        virtual void enableVsync(bool vsync);
                     ^
In file included from /home/noyan/dev/glist/GlistEngine/engine/core/gGLFWWindow.cpp:8:
/home/noyan/dev/glist/myglistapps/GlistApp/../../GlistEngine/engine/core/gGLFWWindow.h:60:7: warning: 'setCursor' overrides a member function but is not marked 'override' [-Winconsistent-missing-override]
        void setCursor(int cursorNo);
             ^
/home/noyan/dev/glist/myglistapps/GlistApp/../../GlistEngine/engine/core/gBaseWindow.h:64:15: note: overridden virtual function is here
        virtual void setCursor(int cursorNo);
                     ^
In file included from /home/noyan/dev/glist/GlistEngine/engine/core/gGLFWWindow.cpp:8:
/home/noyan/dev/glist/myglistapps/GlistApp/../../GlistEngine/engine/core/gGLFWWindow.h:61:7: warning: 'setCursorMode' overrides a member function but is not marked 'override' [-Winconsistent-missing-override]
        void setCursorMode(int cursorMode);
             ^
/home/noyan/dev/glist/myglistapps/GlistApp/../../GlistEngine/engine/core/gBaseWindow.h:65:15: note: overridden virtual function is here
        virtual void setCursorMode(int cursorMode);
                     ^
In file included from /home/noyan/dev/glist/GlistEngine/engine/core/gGLFWWindow.cpp:8:
/home/noyan/dev/glist/myglistapps/GlistApp/../../GlistEngine/engine/core/gGLFWWindow.h:63:7: warning: 'setClipboardString' overrides a member function but is not marked 'override' [-Winconsistent-missing-override]
        void setClipboardString(std::string text);
             ^
/home/noyan/dev/glist/myglistapps/GlistApp/../../GlistEngine/engine/core/gBaseWindow.h:67:15: note: overridden virtual function is here
        virtual void setClipboardString(std::string text);
                     ^
In file included from /home/noyan/dev/glist/GlistEngine/engine/core/gGLFWWindow.cpp:8:
/home/noyan/dev/glist/myglistapps/GlistApp/../../GlistEngine/engine/core/gGLFWWindow.h:64:14: warning: 'getClipboardString' overrides a member function but is not marked 'override' [-Winconsistent-missing-override]
        std::string getClipboardString();
                    ^
/home/noyan/dev/glist/myglistapps/GlistApp/../../GlistEngine/engine/core/gBaseWindow.h:68:22: note: overridden virtual function is here
        virtual std::string getClipboardString();
                            ^
8 warnings generated.
[ 97%] Linking CXX shared library libGlistEngine.so
Ubuntu clang version 14.0.0-1ubuntu1
Target: x86_64-pc-linux-gnu
Thread model: posix
InstalledDir: /usr/bin
Found candidate GCC installation: /usr/bin/../lib/gcc/x86_64-linux-gnu/11
Found candidate GCC installation: /usr/bin/../lib/gcc/x86_64-linux-gnu/12
Found candidate GCC installation: /usr/bin/../lib/gcc/x86_64-linux-gnu/4.8
Found candidate GCC installation: /usr/bin/../lib/gcc/x86_64-linux-gnu/4.8.5
Found candidate GCC installation: /usr/bin/../lib/gcc/x86_64-linux-gnu/5
Found candidate GCC installation: /usr/bin/../lib/gcc/x86_64-linux-gnu/5.5.0
Found candidate GCC installation: /usr/bin/../lib/gcc/x86_64-linux-gnu/6
Found candidate GCC installation: /usr/bin/../lib/gcc/x86_64-linux-gnu/6.5.0
Found candidate GCC installation: /usr/bin/../lib/gcc/x86_64-linux-gnu/7
Found candidate GCC installation: /usr/bin/../lib/gcc/x86_64-linux-gnu/7.5.0
Found candidate GCC installation: /usr/bin/../lib/gcc/x86_64-linux-gnu/8
Found candidate GCC installation: /usr/bin/../lib/gcc/x86_64-linux-gnu/9
Selected GCC installation: /usr/bin/../lib/gcc/x86_64-linux-gnu/12
Candidate multilib: .;@m64
Selected multilib: .;@m64
Found CUDA installation: /usr/local/cuda, version 10.2
 "/usr/bin/ld" -z relro --hash-style=gnu --build-id --eh-frame-hdr -m elf_x86_64 -shared -o libGlistEngine.so /lib/x86_64-linux-gnu/crti.o /usr/bin/../lib/gcc/x86_64-linux-gnu/12/crtbeginS.o -L/usr/lib/gcc/x86_64-linux-gnu/7 -L/usr/bin/../lib/gcc/x86_64-linux-gnu/12 -L/usr/bin/../lib/gcc/x86_64-linux-gnu/12/../../../../lib64 -L/lib/x86_64-linux-gnu -L/lib/../lib64 -L/usr/lib/x86_64-linux-gnu -L/usr/lib/../lib64 -L/usr/lib/llvm-14/bin/../lib -L/lib -L/usr/lib --gc-sections -soname libGlistEngine.so CMakeFiles/GlistEngine.dir/home/noyan/dev/glist/zbin/glistzbin-linux/mingw64/lib/sqlite3.c.o CMakeFiles/GlistEngine.dir/home/noyan/dev/glist/GlistEngine/engine/graphics/particles/gFireParticles.cpp.o CMakeFiles/GlistEngine.dir/home/noyan/dev/glist/GlistEngine/engine/base/gBaseParticles.cpp.o CMakeFiles/GlistEngine.dir/home/noyan/dev/glist/GlistEngine/engine/types/gColor.cpp.o CMakeFiles/GlistEngine.dir/home/noyan/dev/glist/GlistEngine/engine/utils/gThread.cpp.o CMakeFiles/GlistEngine.dir/home/noyan/dev/glist/GlistEngine/engine/utils/gUtils.cpp.o CMakeFiles/GlistEngine.dir/home/noyan/dev/glist/GlistEngine/engine/utils/gFile.cpp.o CMakeFiles/GlistEngine.dir/home/noyan/dev/glist/GlistEngine/engine/utils/gHttpFile.cpp.o CMakeFiles/GlistEngine.dir/home/noyan/dev/glist/GlistEngine/engine/graphics/gShader.cpp.o CMakeFiles/GlistEngine.dir/home/noyan/dev/glist/GlistEngine/engine/graphics/gFog.cpp.o CMakeFiles/GlistEngine.dir/home/noyan/dev/glist/GlistEngine/engine/core/gObject.cpp.o CMakeFiles/GlistEngine.dir/home/noyan/dev/glist/GlistEngine/engine/core/gRenderer.cpp.o CMakeFiles/GlistEngine.dir/home/noyan/dev/glist/GlistEngine/engine/core/gRenderObject.cpp.o CMakeFiles/GlistEngine.dir/home/noyan/dev/glist/GlistEngine/engine/core/gGUIActionManager.cpp.o CMakeFiles/GlistEngine.dir/home/noyan/dev/glist/GlistEngine/engine/graphics/gTexture.cpp.o CMakeFiles/GlistEngine.dir/home/noyan/dev/glist/GlistEngine/engine/graphics/gImage.cpp.o CMakeFiles/GlistEngine.dir/home/noyan/dev/glist/GlistEngine/engine/graphics/gSkybox.cpp.o CMakeFiles/GlistEngine.dir/home/noyan/dev/glist/GlistEngine/engine/graphics/gNode.cpp.o CMakeFiles/GlistEngine.dir/home/noyan/dev/glist/GlistEngine/engine/graphics/gLight.cpp.o CMakeFiles/GlistEngine.dir/home/noyan/dev/glist/GlistEngine/engine/graphics/gShadowMap.cpp.o CMakeFiles/GlistEngine.dir/home/noyan/dev/glist/GlistEngine/engine/graphics/gCamera.cpp.o CMakeFiles/GlistEngine.dir/home/noyan/dev/glist/GlistEngine/engine/graphics/gFont.cpp.o CMakeFiles/GlistEngine.dir/home/noyan/dev/glist/GlistEngine/engine/graphics/gMaterial.cpp.o CMakeFiles/GlistEngine.dir/home/noyan/dev/glist/GlistEngine/engine/graphics/gMesh.cpp.o CMakeFiles/GlistEngine.dir/home/noyan/dev/glist/GlistEngine/engine/graphics/gSkinnedMesh.cpp.o CMakeFiles/GlistEngine.dir/home/noyan/dev/glist/GlistEngine/engine/graphics/gModel.cpp.o CMakeFiles/GlistEngine.dir/home/noyan/dev/glist/GlistEngine/engine/utils/gLocalization.cpp.o CMakeFiles/GlistEngine.dir/home/noyan/dev/glist/GlistEngine/engine/utils/gDatabase.cpp.o CMakeFiles/GlistEngine.dir/home/noyan/dev/glist/GlistEngine/engine/utils/gAssetLoader.cpp.o CMakeFiles/GlistEngine.dir/home/noyan/dev/glist/GlistEngine/engine/utils/gAES.cpp.o CMakeFiles/GlistEngine.dir/home/noyan/dev/glist/GlistEngine/engine/graphics/primitives/gCross.cpp.o CMakeFiles/GlistEngine.dir/home/noyan/dev/glist/GlistEngine/engine/graphics/primitives/gArc.cpp.o CMakeFiles/GlistEngine.dir/home/noyan/dev/glist/GlistEngine/engine/graphics/primitives/gLine.cpp.o CMakeFiles/GlistEngine.dir/home/noyan/dev/glist/GlistEngine/engine/graphics/primitives/gCircle.cpp.o CMakeFiles/GlistEngine.dir/home/noyan/dev/glist/GlistEngine/engine/graphics/primitives/gRectangle.cpp.o CMakeFiles/GlistEngine.dir/home/noyan/dev/glist/GlistEngine/engine/graphics/primitives/gRoundedRectangle.cpp.o CMakeFiles/GlistEngine.dir/home/noyan/dev/glist/GlistEngine/engine/graphics/primitives/gPlane.cpp.o CMakeFiles/GlistEngine.dir/home/noyan/dev/glist/GlistEngine/engine/graphics/primitives/gBox.cpp.o CMakeFiles/GlistEngine.dir/home/noyan/dev/glist/GlistEngine/engine/graphics/primitives/gSphere.cpp.o CMakeFiles/GlistEngine.dir/home/noyan/dev/glist/GlistEngine/engine/graphics/primitives/gTriangle.cpp.o CMakeFiles/GlistEngine.dir/home/noyan/dev/glist/GlistEngine/engine/graphics/primitives/gCylinder.cpp.o CMakeFiles/GlistEngine.dir/home/noyan/dev/glist/GlistEngine/engine/graphics/primitives/gCone.cpp.o CMakeFiles/GlistEngine.dir/home/noyan/dev/glist/GlistEngine/engine/graphics/gVbo.cpp.o CMakeFiles/GlistEngine.dir/home/noyan/dev/glist/GlistEngine/engine/graphics/gFbo.cpp.o CMakeFiles/GlistEngine.dir/home/noyan/dev/glist/GlistEngine/engine/graphics/gRay.cpp.o CMakeFiles/GlistEngine.dir/home/noyan/dev/glist/GlistEngine/engine/graphics/gBoundingBox.cpp.o CMakeFiles/GlistEngine.dir/home/noyan/dev/glist/GlistEngine/engine/graphics/gRect.cpp.o CMakeFiles/GlistEngine.dir/home/noyan/dev/glist/GlistEngine/engine/animation/gSpriteAnimation.cpp.o CMakeFiles/GlistEngine.dir/home/noyan/dev/glist/GlistEngine/engine/animation/gSpriteAnimator.cpp.o CMakeFiles/GlistEngine.dir/home/noyan/dev/glist/GlistEngine/engine/ui/gGUIGrid.cpp.o CMakeFiles/GlistEngine.dir/home/noyan/dev/glist/GlistEngine/engine/ui/gGUIColorPicker.cpp.o CMakeFiles/GlistEngine.dir/home/noyan/dev/glist/GlistEngine/engine/ui/gGUINotebook.cpp.o CMakeFiles/GlistEngine.dir/home/noyan/dev/glist/GlistEngine/engine/ui/gGUICandleStickChart.cpp.o CMakeFiles/GlistEngine.dir/home/noyan/dev/glist/GlistEngine/engine/ui/gGUIStatusBar.cpp.o CMakeFiles/GlistEngine.dir/home/noyan/dev/glist/GlistEngine/engine/ui/gGUILineGraph.cpp.o CMakeFiles/GlistEngine.dir/home/noyan/dev/glist/GlistEngine/engine/ui/gGUIContextMenu.cpp.o CMakeFiles/GlistEngine.dir/home/noyan/dev/glist/GlistEngine/engine/ui/gGUIRadarChart.cpp.o CMakeFiles/GlistEngine.dir/home/noyan/dev/glist/GlistEngine/engine/ui/gGUIDialogue.cpp.o CMakeFiles/GlistEngine.dir/home/noyan/dev/glist/GlistEngine/engine/ui/gGUITimebox.cpp.o CMakeFiles/GlistEngine.dir/home/noyan/dev/glist/GlistEngine/engine/ui/gGUIPieGraph.cpp.o CMakeFiles/GlistEngine.dir/home/noyan/dev/glist/GlistEngine/engine/ui/gGUIGraph.cpp.o CMakeFiles/GlistEngine.dir/home/noyan/dev/glist/GlistEngine/engine/ui/gGUINumberBox.cpp.o CMakeFiles/GlistEngine.dir/home/noyan/dev/glist/GlistEngine/engine/ui/gGUISwitchButton.cpp.o CMakeFiles/GlistEngine.dir/home/noyan/dev/glist/GlistEngine/engine/ui/gGUIListbox.cpp.o CMakeFiles/GlistEngine.dir/home/noyan/dev/glist/GlistEngine/engine/ui/gGUITreelist.cpp.o CMakeFiles/GlistEngine.dir/home/noyan/dev/glist/GlistEngine/engine/ui/gGUIDropdownList.cpp.o CMakeFiles/GlistEngine.dir/home/noyan/dev/glist/GlistEngine/engine/ui/gGUICheckbox.cpp.o CMakeFiles/GlistEngine.dir/home/noyan/dev/glist/GlistEngine/engine/ui/gGUIColumnChart.cpp.o CMakeFiles/GlistEngine.dir/home/noyan/dev/glist/GlistEngine/engine/ui/gGUITextbox.cpp.o CMakeFiles/GlistEngine.dir/home/noyan/dev/glist/GlistEngine/engine/ui/gGUIText.cpp.o CMakeFiles/GlistEngine.dir/home/noyan/dev/glist/GlistEngine/engine/ui/gGUIDivider.cpp.o CMakeFiles/GlistEngine.dir/home/noyan/dev/glist/GlistEngine/engine/ui/gGUIToolbarButton.cpp.o CMakeFiles/GlistEngine.dir/home/noyan/dev/glist/GlistEngine/engine/ui/gGUIProgressBar.cpp.o CMakeFiles/GlistEngine.dir/home/noyan/dev/glist/GlistEngine/engine/ui/gGUIRadioButton.cpp.o CMakeFiles/GlistEngine.dir/home/noyan/dev/glist/GlistEngine/engine/ui/gGUIBitmap.cpp.o CMakeFiles/GlistEngine.dir/home/noyan/dev/glist/GlistEngine/engine/ui/gGUISlider.cpp.o CMakeFiles/GlistEngine.dir/home/noyan/dev/glist/GlistEngine/engine/ui/gGUIImageButton.cpp.o CMakeFiles/GlistEngine.dir/home/noyan/dev/glist/GlistEngine/engine/ui/gGUIColorbox.cpp.o CMakeFiles/GlistEngine.dir/home/noyan/dev/glist/GlistEngine/engine/ui/gGUIButton.cpp.o CMakeFiles/GlistEngine.dir/home/noyan/dev/glist/GlistEngine/engine/ui/gGUISizer.cpp.o CMakeFiles/GlistEngine.dir/home/noyan/dev/glist/GlistEngine/engine/ui/gGUINavigation.cpp.o CMakeFiles/GlistEngine.dir/home/noyan/dev/glist/GlistEngine/engine/ui/gGUIToolbar.cpp.o CMakeFiles/GlistEngine.dir/home/noyan/dev/glist/GlistEngine/engine/ui/gGUIMenubar.cpp.o CMakeFiles/GlistEngine.dir/home/noyan/dev/glist/GlistEngine/engine/ui/gGUIPane.cpp.o CMakeFiles/GlistEngine.dir/home/noyan/dev/glist/GlistEngine/engine/ui/gGUIPanel.cpp.o CMakeFiles/GlistEngine.dir/home/noyan/dev/glist/GlistEngine/engine/ui/gGUIScrollable.cpp.o CMakeFiles/GlistEngine.dir/home/noyan/dev/glist/GlistEngine/engine/ui/gGUIFrame.cpp.o CMakeFiles/GlistEngine.dir/home/noyan/dev/glist/GlistEngine/engine/ui/gGUIControl.cpp.o CMakeFiles/GlistEngine.dir/home/noyan/dev/glist/GlistEngine/engine/ui/gGUIContainer.cpp.o CMakeFiles/GlistEngine.dir/home/noyan/dev/glist/GlistEngine/engine/ui/gGUIForm.cpp.o CMakeFiles/GlistEngine.dir/home/noyan/dev/glist/GlistEngine/engine/ui/gGUIResources.cpp.o CMakeFiles/GlistEngine.dir/home/noyan/dev/glist/GlistEngine/engine/ui/base/tinyfiledialogs.c.o CMakeFiles/GlistEngine.dir/home/noyan/dev/glist/GlistEngine/engine/base/gBaseGUIObject.cpp.o CMakeFiles/GlistEngine.dir/home/noyan/dev/glist/GlistEngine/engine/core/gGUIManager.cpp.o CMakeFiles/GlistEngine.dir/home/noyan/dev/glist/GlistEngine/engine/core/gAppObject.cpp.o CMakeFiles/GlistEngine.dir/home/noyan/dev/glist/GlistEngine/engine/base/gBaseComponent.cpp.o CMakeFiles/GlistEngine.dir/home/noyan/dev/glist/GlistEngine/engine/base/gBasePlugin.cpp.o CMakeFiles/GlistEngine.dir/home/noyan/dev/glist/GlistEngine/engine/media/gBaseSound.cpp.o CMakeFiles/GlistEngine.dir/home/noyan/dev/glist/GlistEngine/engine/media/gFmodSound.cpp.o CMakeFiles/GlistEngine.dir/home/noyan/dev/glist/GlistEngine/engine/base/gBaseApp.cpp.o CMakeFiles/GlistEngine.dir/home/noyan/dev/glist/GlistEngine/engine/base/gBaseCanvas.cpp.o CMakeFiles/GlistEngine.dir/home/noyan/dev/glist/GlistEngine/engine/core/gBaseWindow.cpp.o CMakeFiles/GlistEngine.dir/home/noyan/dev/glist/GlistEngine/engine/core/gCanvasManager.cpp.o CMakeFiles/GlistEngine.dir/home/noyan/dev/glist/GlistEngine/engine/core/gAppManager.cpp.o CMakeFiles/GlistEngine.dir/home/noyan/dev/glist/GlistEngine/engine/core/gPostProcessManager.cpp.o CMakeFiles/GlistEngine.dir/home/noyan/dev/glist/GlistEngine/engine/base/gBasePostProcess.cpp.o CMakeFiles/GlistEngine.dir/home/noyan/dev/glist/GlistEngine/engine/graphics/posteffects/gInversion.cpp.o CMakeFiles/GlistEngine.dir/home/noyan/dev/glist/GlistEngine/engine/graphics/posteffects/gGrayscale.cpp.o CMakeFiles/GlistEngine.dir/home/noyan/dev/glist/GlistEngine/engine/graphics/posteffects/gKernelEffect.cpp.o CMakeFiles/GlistEngine.dir/home/noyan/dev/glist/GlistEngine/engine/graphics/posteffects/kerneleffects/gBlur.cpp.o CMakeFiles/GlistEngine.dir/home/noyan/dev/glist/GlistEngine/engine/graphics/posteffects/kerneleffects/gSharpen.cpp.o CMakeFiles/GlistEngine.dir/home/noyan/dev/glist/GlistEngine/engine/graphics/posteffects/kerneleffects/gEdgeDetection.cpp.o CMakeFiles/GlistEngine.dir/home/noyan/dev/glist/GlistEngine/engine/core/backward.cpp.o CMakeFiles/GlistEngine.dir/home/noyan/dev/glist/GlistEngine/engine/core/gGLFWWindow.cpp.o -rpath /home/noyan/dev/glist/myglistapps/GlistApp/../../zbin/glistzbin-linux/mingw64/lib ../../../../zbin/glistzbin-linux/mingw64/lib/libfmodL.so ../../../../zbin/glistzbin-linux/mingw64/lib/libfmod.so ../../../../zbin/glistzbin-linux/mingw64/lib/libassimp.so ../../../../zbin/glistzbin-linux/mingw64/lib/libfreetype.so ../../../../zbin/glistzbin-linux/mingw64/lib/libpng.so -lcurl -lcrypto ../../../../zbin/glistzbin-linux/mingw64/lib/libglfw.so -lGL -lGLEW -ldl -lstdc++ -lm -lgcc_s -lgcc -lpthread -lc -lgcc_s -lgcc /usr/bin/../lib/gcc/x86_64-linux-gnu/12/crtendS.o /lib/x86_64-linux-gnu/crtn.o
gmake[2]: Leaving directory '/home/noyan/dev/glist/myglistapps/GlistApp/_build/Release'
[ 97%] Built target GlistEngine
gmake[2]: Entering directory '/home/noyan/dev/glist/myglistapps/GlistApp/_build/Release'
Scanning dependencies of target GlistApp
gmake[2]: Leaving directory '/home/noyan/dev/glist/myglistapps/GlistApp/_build/Release'
gmake[2]: Entering directory '/home/noyan/dev/glist/myglistapps/GlistApp/_build/Release'
[ 97%] Building CXX object CMakeFiles/GlistApp.dir/src/main.cpp.o
[ 98%] Building CXX object CMakeFiles/GlistApp.dir/src/gApp.cpp.o
[ 99%] Building CXX object CMakeFiles/GlistApp.dir/src/GameCanvas.cpp.o
[100%] Linking CXX executable GlistApp
gmake[2]: Leaving directory '/home/noyan/dev/glist/myglistapps/GlistApp/_build/Release'
[100%] Built target GlistApp
gmake[1]: Leaving directory '/home/noyan/dev/glist/myglistapps/GlistApp/_build/Release'

**** Build of configuration Release for project GlistEngine ****

Nothing to build for project GlistEngine
16:23:31 **** Incremental Build of configuration Release for project GlistApp ****
/usr/bin/gmake all 
gmake[1]: Entering directory '/home/noyan/dev/glist/myglistapps/GlistApp/_build/Release'
gmake[2]: Entering directory '/home/noyan/dev/glist/myglistapps/GlistApp/_build/Release'
gmake[2]: Leaving directory '/home/noyan/dev/glist/myglistapps/GlistApp/_build/Release'
[ 97%] Built target GlistEngine
gmake[2]: Entering directory '/home/noyan/dev/glist/myglistapps/GlistApp/_build/Release'
gmake[2]: Leaving directory '/home/noyan/dev/glist/myglistapps/GlistApp/_build/Release'
[100%] Built target GlistApp
gmake[1]: Leaving directory '/home/noyan/dev/glist/myglistapps/GlistApp/_build/Release'

**** Build of configuration Release for project GlistEngine ****

Nothing to build for project GlistEngine
16:32:05 **** Incremental Build of configuration Release for project GlistApp ****
/usr/bin/gmake -j 4 all 
gmake[1]: Entering directory '/home/noyan/dev/glist/myglistapps/GlistApp/_build/Release'
gmake[2]: Entering directory '/home/noyan/dev/glist/myglistapps/GlistApp/_build/Release'
gmake[2]: Leaving directory '/home/noyan/dev/glist/myglistapps/GlistApp/_build/Release'
[ 97%] Built target GlistEngine
gmake[2]: Entering directory '/home/noyan/dev/glist/myglistapps/GlistApp/_build/Release'
gmake[2]: Leaving directory '/home/noyan/dev/glist/myglistapps/GlistApp/_build/Release'
[100%] Built target GlistApp
gmake[1]: Leaving directory '/home/noyan/dev/glist/myglistapps/GlistApp/_build/Release'

**** Build of configuration Release for project GlistEngine ****

Nothing to build for project GlistEngine
16:33:05 **** Incremental Build of configuration Release for project GlistApp ****
/usr/bin/gmake -j 4 all 
gmake[1]: Entering directory '/home/noyan/dev/glist/myglistapps/GlistApp/_build/Release'
gmake[2]: Entering directory '/home/noyan/dev/glist/myglistapps/GlistApp/_build/Release'
gmake[2]: Leaving directory '/home/noyan/dev/glist/myglistapps/GlistApp/_build/Release'
[ 97%] Built target GlistEngine
gmake[2]: Entering directory '/home/noyan/dev/glist/myglistapps/GlistApp/_build/Release'
Scanning dependencies of target GlistApp
gmake[2]: Leaving directory '/home/noyan/dev/glist/myglistapps/GlistApp/_build/Release'
gmake[2]: Entering directory '/home/noyan/dev/glist/myglistapps/GlistApp/_build/Release'
[ 99%] Building CXX object CMakeFiles/GlistApp.dir/src/GameCanvas.cpp.o
[ 99%] Building CXX object CMakeFiles/GlistApp.dir/src/gApp.cpp.o
[100%] Linking CXX executable GlistApp
gmake[2]: Leaving directory '/home/noyan/dev/glist/myglistapps/GlistApp/_build/Release'
[100%] Built target GlistApp
gmake[1]: Leaving directory '/home/noyan/dev/glist/myglistapps/GlistApp/_build/Release'
